Extracting /tmp/data/train-images-idx3-ubyte.gz
Extracting /tmp/data/train-images-idx3-ubyte.gz
Extracting /tmp/data/train-images-idx3-ubyte.gz
Extracting /tmp/data/train-images-idx3-ubyte.gz
Extracting /tmp/data/train-labels-idx1-ubyte.gz
Extracting /tmp/data/train-labels-idx1-ubyte.gz
Extracting /tmp/data/train-labels-idx1-ubyte.gz
Extracting /tmp/data/t10k-images-idx3-ubyte.gz
Extracting /tmp/data/t10k-images-idx3-ubyte.gz
Extracting /tmp/data/t10k-images-idx3-ubyte.gz
Extracting /tmp/data/train-labels-idx1-ubyte.gz
Extracting /tmp/data/t10k-images-idx3-ubyte.gz
Extracting /tmp/data/t10k-labels-idx1-ubyte.gz
Extracting /tmp/data/t10k-labels-idx1-ubyte.gz
Extracting /tmp/data/t10k-labels-idx1-ubyte.gz
Extracting /tmp/data/t10k-labels-idx1-ubyte.gz
Extracting /tmp/data/train-images-idx3-ubyte.gz
Extracting /tmp/data/train-images-idx3-ubyte.gz
Extracting /tmp/data/train-images-idx3-ubyte.gz
Extracting /tmp/data/train-images-idx3-ubyte.gz
Extracting /tmp/data/train-labels-idx1-ubyte.gz
Extracting /tmp/data/train-labels-idx1-ubyte.gz
Extracting /tmp/data/t10k-images-idx3-ubyte.gz
Extracting /tmp/data/t10k-images-idx3-ubyte.gz
Extracting /tmp/data/train-labels-idx1-ubyte.gz
Extracting /tmp/data/t10k-images-idx3-ubyte.gz
Extracting /tmp/data/train-labels-idx1-ubyte.gz
Extracting /tmp/data/t10k-images-idx3-ubyte.gz
Extracting /tmp/data/t10k-labels-idx1-ubyte.gz
Extracting /tmp/data/t10k-labels-idx1-ubyte.gz
Extracting /tmp/data/t10k-labels-idx1-ubyte.gz
Extracting /tmp/data/t10k-labels-idx1-ubyte.gz
1.07475805283 1423.73 2519.36 0.0939 0.1046
0.1083
2.38576292992 2511.69 2506.72 0.1044 0.1045
3.94726395607 2498.7 2518.31 0.1047 0.1108
5.52158689499 2495.52 2527.44 0.1108 0.1117
7.08232998848 2524.75 2554.66 0.1141 0.1117
8.62028503418 2537.98 2512.85 0.1126 0.1146
10.1674489975 2422.84 2503.92 0.1174 0.1148
11.7251679897 2430.3 2402.76 0.1188 0.1164
13.2899038792 2396.64 2430.94 0.121 0.1187
14.8563148975 2287.84 2385.36 0.1204 0.1214
16.4330668449 2372.81 2363.72 0.1207 0.1226
0.1255
18.1231548786 2404.9 2293.2 0.1212 0.1241
19.7312619686 2304.53 2316.92 0.127 0.1245
21.3426060677 2244.41 2279.84 0.1251 0.1241
22.9192280769 2206.87 2162.39 0.1268 0.1218
24.4864029884 2221.16 2202.78 0.1219 0.1269
26.0420789719 2194.0 2201.31 0.1281 0.1268
27.6085040569 2192.84 2173.01 0.1332 0.1297
29.1746120453 2200.49 2139.71 0.1323 0.1334
30.7321109772 2176.52 2123.57 0.1338 0.1264
32.2843029499 2161.88 2177.88 0.1351 0.1338
0.1345
33.9434800148 2168.23 2168.01 0.1361 0.1362
35.5083620548 2123.94 2180.32 0.1368 0.1382
37.0975759029 2182.85 2160.89 0.14 0.1384
38.661190033 2181.58 2137.61 0.1404 0.1395
40.2482640743 2184.69 2192.43 0.1392 0.1406
41.8106570244 2219.52 2181.77 0.1426 0.1422
43.3564839363 2228.26 2251.08 0.1426 0.141
44.9161510468 2224.75 2223.63 0.1423 0.1427
46.4742400646 2185.82 2242.82 0.1424 0.1429
48.0257520676 2225.52 2254.1 0.1437 0.1431
0.141
49.6521689892 2161.3 2233.1 0.1408 0.1432
51.1834509373 2215.3 2240.88 0.1423 0.1441
52.7134718895 2233.21 2237.71 0.143 0.1438
54.2754218578 2212.73 2230.68 0.1435 0.1443
55.8260009289 2200.36 2206.3 0.1427 0.141
57.3725268841 2193.25 2196.49 0.1414 0.1421
58.9157090187 2151.26 2123.41 0.1401 0.1357
60.4978859425 2174.98 2142.57 0.1392 0.14
62.0415899754 2152.45 2154.11 0.1398 0.1391
63.5960860252 2152.58 2127.64 0.1391 0.1367
0.1395
65.22645998 2140.37 2135.82 0.1379 0.1379
66.8022420406 2143.22 2130.43 0.139 0.1379
68.3578259945 2143.74 2151.69 0.1381 0.1388
69.9280469418 2124.54 2107.15 0.1383 0.1368
71.4770898819 2097.58 2105.56 0.1375 0.1368
73.0195560455 2097.6 2087.87 0.1379 0.137
74.5819239616 2108.58 2100.25 0.1392 0.139
76.1297938824 2119.81 2113.92 0.1371 0.1412
77.6895399094 2111.56 2089.62 0.1412 0.1421
79.2117848396 2095.09 2096.64 0.141 0.1411
0.1438
80.8393678665 2049.48 2131.99 0.141 0.1436
82.4218389988 2132.56 2150.72 0.1438 0.1394
84.0053858757 2093.87 2149.36 0.1415 0.1444
85.5525729656 2124.88 2147.77 0.1457 0.1465
87.1110489368 2154.9 2154.28 0.1481 0.1466
88.7169890404 2137.92 2146.07 0.1478 0.1466
90.3199410439 2148.08 2135.63 0.1454 0.1481
91.9069468975 2098.39 2070.99 0.1491 0.1445
93.5029449463 2092.14 2051.14 0.1481 0.1513
95.0992410183 2033.4 2052.11 0.1517 0.1515
0.1507
96.75827384 2031.33 2045.44 0.1517 0.1523
98.3635289669 2048.93 2042.52 0.1524 0.1519
99.9381968975 2048.15 2045.78 0.1525 0.1528
101.539269924 2019.86 2017.89 0.1522 0.1524
103.126523018 2019.18 2023.25 0.1539 0.1522
104.713288069 2018.8 2015.35 0.1539 0.1542
106.301048994 2023.24 1988.81 0.1537 0.1535
107.88535285 2018.19 1998.61 0.1524 0.1529
109.4550879 1999.66 2002.66 0.1531 0.153
111.047198057 1975.43 1996.51 0.1515 0.1521
0.1529
112.684756994 1991.86 1998.97 0.1527 0.1522
114.268966913 1996.18 1985.56 0.1534 0.1515
115.85145092 1983.06 1979.24 0.1521 0.1533
117.446447849 1976.64 1966.14 0.153 0.1519
119.022227049 1964.5 1969.02 0.1522 0.1526
120.624294996 1961.81 1969.24 0.15 0.1526
122.211914062 1965.28 1940.5 0.1539 0.1486
123.806150913 1961.85 1983.23 0.1524 0.1551
125.386622906 1996.52 1972.36 0.1541 0.1546
126.987118006 1973.44 1911.72 0.1553 0.1528
0.1552
128.713897943 1926.69 1979.94 0.1547 0.156
130.314077854 1970.75 1952.77 0.1556 0.1544
131.917141914 1956.77 1948.94 0.1537 0.1537
133.502356052 1952.49 1887.08 0.1531 0.1503
135.08219099 1929.51 1962.02 0.1507 0.1535
136.667929888 1952.89 1972.34 0.1534 0.1554
138.27994895 1969.98 1973.18 0.1544 0.1551
139.855274916 1944.11 1968.7 0.1534 0.1541
141.441320896 1964.76 1975.41 0.1543 0.1542
143.034430027 1955.11 1929.13 0.1526 0.1538
0.152
144.725867987 1923.72 1934.37 0.1534 0.1529
146.28243804 1880.59 1913.23 0.1503 0.1523
147.871819019 1923.7 1896.98 0.1513 0.1521
149.460440874 1890.91 1835.51 0.1531 0.1511
151.081706047 1894.88 1884.28 0.1523 0.1525
152.663774967 1882.23 1889.25 0.1536 0.1513
154.24720788 1894.81 1878.11 0.1524 0.1533
155.821042061 1872.66 1869.63 0.1524 0.1527
157.373060942 1830.44 1865.27 0.15 0.1517
158.97695303 1864.56 1853.52 0.1523 0.1486
0.1503
160.638275862 1836.5 1872.87 0.1514 0.1515
162.234729052 1857.19 1848.47 0.1519 0.1441
163.810286999 1847.18 1856.24 0.152 0.1513
165.383246899 1828.98 1851.83 0.147 0.1494
166.958397865 1822.62 1831.63 0.1495 0.1508
168.53255105 1816.28 1835.75 0.1506 0.1509
170.150842905 1827.68 1808.33 0.1508 0.1499
171.729296923 1835.26 1840.77 0.1503 0.151
173.32215786 1834.73 1781.64 0.1509 0.1468
174.909628868 1835.55 1813.05 0.1508 0.1494
0.1509
176.600436926 1831.65 1840.69 0.1503 0.1502
178.199174881 1826.32 1812.98 0.1488 0.1506
179.78377986 1794.54 1770.57 0.1493 0.1483
181.371269941 1788.41 1786.7 0.1496 0.15
182.990656853 1783.59 1781.18 0.1489 0.1497
184.589748859 1784.8 1788.1 0.1498 0.1461
186.178000927 1770.29 1781.39 0.1504 0.1502
187.759151936 1739.6 1790.63 0.1508 0.1526
189.341685057 1789.99 1793.42 0.1529 0.1518
190.918956041 1777.03 1768.8 0.1524 0.1493
0.1512
192.571992874 1762.15 1769.06 0.1505 0.152
194.144649982 1772.66 1782.77 0.1518 0.1529
195.730051994 1793.03 1790.28 0.1515 0.1508
197.313804865 1794.69 1794.41 0.1519 0.1513
198.900483847 1794.96 1789.9 0.1521 0.1517
200.493214846 1790.14 1790.52 0.1519 0.1517
202.064661026 1772.81 1786.92 0.1505 0.1515
203.639493942 1784.4 1758.04 0.1513 0.1509
205.243078947 1784.47 1783.62 0.1518 0.1527
206.830280066 1774.51 1780.91 0.1502 0.1531
0.1526
208.501708984 1770.81 1767.02 0.1548 0.1514
210.086947918 1747.26 1767.1 0.1541 0.1537
211.642781019 1752.96 1749.14 0.1537 0.1536
213.225349903 1754.23 1743.93 0.1533 0.1529
214.800179958 1748.02 1740.36 0.1545 0.1514
216.40219903 1748.15 1749.31 0.1542 0.1538
217.96844101 1737.5 1754.63 0.1544 0.1549
219.542526007 1752.03 1751.47 0.1551 0.1546
221.114125013 1754.13 1743.96 0.1543 0.1539
222.68241787 1755.16 1752.93 0.1538 0.1544
0.1524
224.381645918 1753.45 1741.5 0.1555 0.1538
225.930691004 1705.36 1721.06 0.1506 0.1534
227.498448849 1716.2 1715.43 0.1464 0.1531
229.079066992 1713.04 1715.55 0.1519 0.1528
230.637984037 1710.91 1716.49 0.1527 0.152
232.239716053 1710.24 1708.65 0.1533 0.1521
233.812744856 1709.37 1702.7 0.1533 0.1517
235.391191959 1703.28 1712.2 0.1536 0.1508
236.962044001 1706.68 1701.04 0.153 0.1506
238.548649073 1703.07 1683.97 0.1516 0.1515
0.1504
240.244572878 1686.23 1701.72 0.1511 0.1517
241.840275049 1684.49 1701.5 0.1524 0.1517
243.446220875 1677.67 1677.3 0.1518 0.1521
245.043489933 1690.33 1679.44 0.1519 0.1533
246.630833864 1673.08 1683.87 0.1529 0.1535
248.187954903 1674.91 1684.68 0.1527 0.1537
249.751435995 1695.53 1665.05 0.1542 0.1534
251.328783035 1682.11 1697.7 0.1554 0.1549
252.909384966 1686.03 1688.46 0.1553 0.1565
254.47912097 1666.33 1688.81 0.1565 0.156
0.1542
256.16959691 1667.06 1672.73 0.1569 0.1561
257.741688013 1660.63 1659.29 0.1564 0.1563
259.324360847 1657.11 1655.36 0.1563 0.1578
260.910059929 1654.68 1641.1 0.1577 0.1575
262.461065054 1646.85 1654.59 0.158 0.1588
264.02946496 1630.59 1654.73 0.1581 0.1582
265.615800858 1640.68 1646.47 0.158 0.159
267.199957848 1650.62 1639.29 0.1596 0.158
268.807250977 1634.48 1641.26 0.1592 0.1595
270.36974597 1641.69 1643.3 0.1594 0.1583
0.1551
272.054345846 1642.54 1638.75 0.1574 0.1588
273.641875982 1649.26 1637.22 0.1584 0.1597
275.222625017 1613.95 1653.9 0.1584 0.1565
276.826917887 1618.42 1601.33 0.1595 0.1593
278.404093981 1617.79 1622.74 0.1595 0.1597
279.986486912 1608.27 1628.45 0.1583 0.1599
281.558477879 1631.23 1625.4 0.16 0.1584
283.137548923 1632.81 1637.92 0.1574 0.1604
284.724109888 1638.65 1633.79 0.1591 0.159
286.305178881 1634.48 1636.2 0.1588 0.1593
0.1574
287.951218843 1638.27 1623.48 0.159 0.1577
289.508846998 1635.33 1630.4 0.1594 0.159
291.076844931 1635.46 1650.33 0.1594 0.1604
292.660542965 1647.29 1647.15 0.1599 0.1592
294.223331928 1628.35 1648.34 0.1594 0.1599
295.764536858 1645.71 1643.86 0.1601 0.1598
297.356314898 1647.45 1636.98 0.16 0.1625
298.941691875 1635.82 1636.31 0.1629 0.1616
300.518526077 1637.3 1650.86 0.1638 0.1626
302.099061012 1635.9 1635.19 0.1625 0.1608
0.1604
303.819436073 1632.0 1623.65 0.1625 0.1612
305.419579029 1642.08 1619.54 0.1621 0.162
306.993669987 1639.93 1637.59 0.1621 0.1627
308.554605961 1635.51 1634.11 0.1622 0.1619
310.101979971 1636.31 1642.52 0.1622 0.1627
311.68649888 1643.0 1622.53 0.1618 0.1598
313.265089989 1664.61 1641.22 0.1634 0.1613
314.854618073 1661.27 1650.34 0.1634 0.164
316.416388988 1650.35 1641.68 0.1637 0.1649
317.991680861 1640.7 1632.57 0.1639 0.1648
0.1619
319.690608025 1622.11 1632.6 0.164 0.1645
321.266941071 1634.45 1636.86 0.1645 0.1632
322.851487875 1620.9 1621.65 0.1649 0.1644
324.445291996 1604.22 1623.02 0.164 0.1651
326.020294905 1619.42 1600.33 0.1653 0.1646
327.616076946 1599.1 1658.14 0.1652 0.1686
329.221669912 1663.61 1654.01 0.1686 0.1687
330.788085938 1646.38 1647.34 0.1685 0.1682
332.402322054 1644.62 1641.95 0.1696 0.168
334.003479004 1649.05 1647.1 0.1701 0.1696
0.1661
335.673765898 1650.99 1651.38 0.168 0.1693
337.265004873 1651.03 1646.13 0.1686 0.1695
338.844174862 1624.71 1626.48 0.1698 0.1689
340.428953886 1622.27 1628.19 0.1706 0.1701
341.991884947 1624.38 1608.0 0.1704 0.1705
343.584562063 1608.32 1601.36 0.1706 0.1704
345.176243067 1603.5 1593.32 0.1698 0.1709
346.765048981 1589.34 1593.75 0.1713 0.1708
348.37361598 1590.32 1589.53 0.1713 0.1716
349.960584879 1587.67 1598.46 0.1709 0.1715
0.1657
351.648910046 1589.05 1596.15 0.1708 0.1712
353.25217104 1598.43 1597.73 0.1722 0.1714
354.841172934 1604.72 1599.23 0.1723 0.1724
356.436459064 1592.13 1595.11 0.1721 0.1721
358.040787935 1607.91 1595.8 0.1725 0.1722
359.625607967 1618.54 1610.84 0.1705 0.1717
361.218329906 1611.35 1621.37 0.1716 0.1711
362.79441905 1608.31 1611.33 0.1718 0.1723
364.366441011 1611.02 1596.32 0.1726 0.1728
365.953052044 1598.73 1595.74 0.1722 0.1734
0.1685
367.629126072 1593.59 1580.17 0.1734 0.1735
369.202229023 1582.07 1583.1 0.172 0.1732
370.813295841 1578.71 1577.49 0.174 0.1729
372.434079885 1573.36 1577.58 0.1731 0.1733
373.993124008 1577.9 1574.06 0.1731 0.1741
375.580425024 1572.38 1575.47 0.1736 0.174
377.173230886 1574.87 1576.01 0.1739 0.1745
378.761595964 1578.04 1565.05 0.1755 0.1736
380.354840994 1576.21 1579.16 0.1764 0.1749
381.957218885 1575.92 1578.65 0.1765 0.1769
0.1721
383.681864023 1562.97 1582.37 0.174 0.1765
385.274724007 1612.33 1590.03 0.1767 0.177
386.856163979 1577.19 1563.11 0.1764 0.174
388.472615004 1578.41 1562.23 0.1766 0.1763
390.059084892 1573.19 1576.15 0.1764 0.176
391.646023989 1569.56 1566.16 0.177 0.1754
393.234323025 1570.13 1558.33 0.1769 0.1766
394.827602863 1570.22 1567.94 0.1769 0.1764
396.441398859 1570.88 1590.38 0.1766 0.1772
398.036541939 1590.65 1585.03 0.1774 0.1769
0.1728
399.692424059 1594.2 1589.12 0.1778 0.1785
401.283849001 1585.59 1580.01 0.1787 0.179
402.872895956 1576.03 1594.21 0.1793 0.1802
404.468999863 1590.72 1593.65 0.1798 0.1801
406.042723894 1592.15 1595.81 0.1805 0.1804
407.633537054 1586.53 1592.97 0.1797 0.1798
409.236227036 1577.13 1579.43 0.1788 0.1788
410.833206892 1586.32 1579.19 0.1783 0.1801
412.430429935 1579.49 1581.9 0.1791 0.18
413.999722958 1584.84 1581.48 0.1799 0.1797
0.173
415.650631905 1580.14 1584.72 0.1804 0.1795
417.224715948 1590.6 1575.46 0.1798 0.1793
418.818668842 1597.97 1586.54 0.1793 0.1793
420.427037001 1580.94 1593.22 0.1784 0.1786
422.025019884 1593.84 1598.24 0.1791 0.1785
423.636569023 1592.03 1579.79 0.1786 0.1779
425.205666065 1570.08 1591.76 0.178 0.1777
426.804126978 1582.62 1570.08 0.1787 0.1782
428.39418602 1582.53 1581.43 0.1783 0.1786
429.965991974 1583.73 1587.83 0.1783 0.1775
0.1738
431.613913059 1584.24 1585.18 0.1773 0.1783
433.166607857 1588.29 1573.77 0.1767 0.1776
434.755174875 1570.69 1575.2 0.1772 0.1776
436.307520866 1570.41 1576.43 0.1775 0.1781
437.880656004 1575.89 1575.36 0.1777 0.178
439.434617996 1574.12 1576.52 0.1771 0.1776
441.015898943 1574.52 1573.78 0.1777 0.1772
442.607434034 1572.15 1571.37 0.1783 0.1779
444.201320887 1569.34 1569.86 0.1783 0.179
445.791883945 1566.66 1570.86 0.1788 0.1787
0.1743
447.517168999 1542.3 1566.1 0.1783 0.1789
449.111078024 1554.06 1566.15 0.1778 0.179
450.702945948 1545.87 1548.72 0.1782 0.1782
452.299413919 1538.64 1538.59 0.1773 0.1774
453.855208874 1517.1 1538.49 0.1772 0.1781
455.425425053 1541.02 1536.05 0.1782 0.1783
456.983460903 1548.71 1537.46 0.1797 0.1789
458.503332853 1546.0 1551.96 0.179 0.1797
460.055835009 1543.39 1558.94 0.1795 0.18
461.611006021 1559.14 1533.62 0.1801 0.179
0.1736
463.247948885 1557.88 1557.96 0.1799 0.1803
464.804431915 1551.58 1559.04 0.1792 0.1792
466.370712996 1557.37 1541.14 0.1788 0.1783
467.923891068 1574.28 1557.96 0.1779 0.1792
469.480437994 1552.25 1558.54 0.1797 0.1794
471.048120022 1552.23 1543.86 0.18 0.1781
472.589659929 1550.19 1554.66 0.1789 0.179
474.125884056 1555.01 1543.93 0.1775 0.1794
475.672399998 1543.54 1543.5 0.1798 0.1793
477.231750965 1517.72 1543.59 0.1807 0.1803
0.1737
478.944417953 1519.0 1516.76 0.1811 0.1815
480.508900881 1509.16 1520.03 0.1807 0.182
482.090496063 1521.93 1519.34 0.1819 0.1821
483.651071072 1531.67 1525.24 0.1809 0.1809
485.210389853 1524.96 1524.7 0.181 0.1806
486.750951052 1524.79 1520.68 0.1816 0.1807
488.313680887 1522.87 1525.64 0.1819 0.1819
489.908978939 1515.96 1530.14 0.18 0.1815
491.491298914 1529.74 1512.79 0.1818 0.181
493.041272879 1526.5 1532.65 0.182 0.1815
0.1751
494.690762997 1513.42 1534.25 0.1815 0.1824
496.286350012 1534.53 1538.76 0.1818 0.1821
497.854490042 1528.64 1534.17 0.1826 0.1831
499.442662001 1530.43 1532.81 0.1829 0.1826
501.02964592 1517.14 1531.01 0.1821 0.1828
502.625443935 1527.8 1526.18 0.1825 0.1822
504.214226961 1528.77 1527.39 0.1823 0.1821
505.823734045 1529.35 1529.38 0.1818 0.1826
507.408000946 1534.92 1529.14 0.1832 0.1825
509.017969847 1534.25 1517.1 0.1825 0.1804
0.174
510.747729063 1537.35 1527.24 0.1827 0.1826
512.329262018 1529.8 1535.9 0.1833 0.1825
513.932013988 1530.25 1534.53 0.1828 0.1822
515.51420188 1534.0 1528.04 0.1832 0.1827
517.093790054 1531.47 1528.52 0.1834 0.1835
518.677856922 1527.17 1526.18 0.1838 0.1843
520.270110846 1522.89 1522.5 0.1848 0.1843
521.861367941 1522.63 1524.7 0.1851 0.1842
523.451530933 1521.25 1523.86 0.1855 0.185
525.059619904 1527.96 1524.02 0.1844 0.1851
0.1757
526.719357967 1524.35 1523.06 0.185 0.1851
528.313186884 1519.84 1523.29 0.1831 0.1845
529.898098946 1524.74 1522.12 0.1856 0.1848
531.484109879 1526.91 1526.1 0.1843 0.1855
533.10281992 1515.09 1529.35 0.1843 0.1853
534.680145025 1512.5 1528.08 0.1855 0.1855
536.273380041 1527.63 1528.74 0.1854 0.1858
537.877402067 1533.58 1526.48 0.1853 0.1853
539.442749023 1525.54 1525.53 0.1854 0.185
541.004919052 1524.11 1526.46 0.1856 0.1856
0.1773
542.638865948 1529.03 1530.38 0.186 0.1852
544.192981958 1526.37 1527.6 0.1845 0.1857
545.740403891 1529.59 1527.46 0.1859 0.1854
547.32177186 1516.78 1531.07 0.1854 0.1857
548.906398058 1529.25 1526.3 0.1862 0.185
550.462547064 1506.12 1528.82 0.1829 0.1862
552.000102997 1539.71 1532.92 0.187 0.1853
553.55637598 1540.36 1537.69 0.187 0.1869
555.124731064 1540.22 1542.26 0.1856 0.1854
556.693192959 1538.7 1538.87 0.1864 0.1855
0.1775
558.369982004 1537.56 1539.05 0.1856 0.1865
559.938215017 1535.95 1534.93 0.1869 0.1853
561.493144035 1532.34 1540.15 0.1866 0.1868
563.049308062 1532.3 1536.47 0.1865 0.1863
564.611971855 1525.7 1533.02 0.1857 0.1861
566.165839911 1531.79 1526.44 0.1871 0.1866
567.762950897 1531.36 1530.04 0.1869 0.1869
569.351068974 1526.23 1534.11 0.1872 0.1864
570.926419973 1530.55 1529.07 0.1865 0.1871
572.514170885 1526.25 1523.76 0.1856 0.1877
0.1759
574.143672943 1520.57 1529.33 0.1874 0.1874
575.713891983 1530.38 1522.41 0.1875 0.1875
577.282266855 1520.49 1511.63 0.1878 0.1881
578.858734846 1510.4 1500.09 0.1878 0.1882
580.394443989 1498.4 1499.35 0.1876 0.1884
581.993140936 1506.47 1498.14 0.1883 0.1885
583.545287848 1494.01 1494.37 0.1883 0.1879
585.118960857 1491.91 1490.7 0.1877 0.1869
586.678809881 1491.9 1492.62 0.1878 0.1877
588.251545906 1488.03 1497.42 0.1877 0.1879
0.1762
589.894948959 1496.77 1495.96 0.188 0.188
591.469012976 1495.4 1496.52 0.1871 0.1883
593.044893026 1498.4 1502.35 0.1881 0.1882
594.619994879 1512.83 1499.88 0.1887 0.1888
596.213953972 1501.31 1497.43 0.1883 0.1881
597.805145979 1509.22 1500.58 0.1886 0.1882
599.400279045 1508.8 1502.12 0.1882 0.189
600.993437052 1495.57 1509.19 0.1891 0.1876
602.567677975 1494.14 1493.09 0.1889 0.1875
604.150616884 1497.4 1493.42 0.1895 0.1889
0.1783
605.808892965 1491.95 1497.36 0.188 0.1884
607.375221014 1492.19 1499.69 0.1876 0.1883
608.960314035 1496.93 1500.84 0.189 0.1889
610.537478924 1483.11 1495.92 0.188 0.1887
612.134464979 1498.65 1495.82 0.1899 0.1882
613.716191053 1498.3 1496.82 0.1894 0.19
615.330525875 1491.12 1497.16 0.1889 0.19
616.906661987 1490.9 1506.82 0.1883 0.1899
618.507115841 1490.52 1494.18 0.1887 0.1894
620.087027073 1495.1 1494.22 0.1881 0.1892
0.1791
621.744986057 1493.66 1502.49 0.1895 0.1898
623.325099945 1498.83 1505.55 0.1902 0.1895
624.931382895 1494.44 1488.75 0.1906 0.1897
626.526130915 1492.43 1496.59 0.1895 0.1907
628.121855021 1499.39 1491.46 0.1903 0.1903
629.726523876 1491.49 1493.03 0.1903 0.19
631.328433037 1488.58 1501.05 0.1905 0.1888
632.940809965 1492.15 1478.58 0.1902 0.1912
634.557934999 1477.12 1475.21 0.191 0.1903
636.13523984 1470.92 1480.77 0.1909 0.1911
0.1812
637.815660954 1473.21 1483.73 0.1901 0.1909
639.392148018 1486.83 1484.69 0.19 0.1909
640.975450039 1483.88 1476.68 0.1898 0.1906
642.556697845 1472.43 1468.17 0.1897 0.1886
644.142602921 1471.26 1470.29 0.1885 0.19
645.741539955 1471.01 1471.8 0.1895 0.1904
647.313804865 1470.56 1475.75 0.1898 0.191
648.907110929 1472.67 1479.35 0.1935 0.1906
650.516737938 1470.0 1468.35 0.1924 0.1929
652.104805946 1459.9 1468.53 0.1936 0.1925
0.1833
653.811038971 1453.88 1459.41 0.1937 0.1934
655.383152008 1448.72 1449.2 0.1937 0.1921
656.966711044 1452.26 1446.29 0.1918 0.194
658.553385973 1423.06 1446.12 0.1923 0.1927
660.117274046 1449.81 1444.19 0.1927 0.192
661.664759874 1445.99 1448.25 0.1929 0.1928
663.248461008 1446.53 1443.54 0.1925 0.1929
664.844632864 1440.25 1452.33 0.1922 0.1932
666.415336847 1451.24 1448.1 0.1924 0.1933
668.018468857 1449.82 1445.11 0.194 0.1933
0.1832
669.700563908 1453.87 1449.88 0.1948 0.1937
671.299695969 1455.39 1451.67 0.1947 0.1942
672.885874033 1448.48 1455.05 0.1947 0.1946
674.460381031 1455.3 1453.98 0.1953 0.1935
676.054652929 1458.58 1456.12 0.1938 0.1945
677.630338907 1459.41 1453.74 0.1943 0.1941
679.22160387 1461.9 1459.66 0.1936 0.1943
680.790557861 1460.78 1461.17 0.1942 0.1936
682.389168978 1457.08 1461.18 0.1932 0.194
683.974778891 1434.39 1477.92 0.1957 0.1934
0.1857
685.637170076 1435.67 1432.97 0.1953 0.1963
687.228704929 1425.59 1432.65 0.196 0.1958
688.782224894 1422.74 1413.72 0.1946 0.197
690.378543854 1395.97 1416.02 0.1958 0.1963
691.962748051 1413.45 1418.21 0.1955 0.1962
693.559073925 1419.99 1411.04 0.1953 0.1962
695.164598942 1408.61 1413.32 0.1965 0.1971
696.759757996 1412.09 1411.21 0.1976 0.1969
698.382390976 1411.34 1406.62 0.196 0.1982
699.966997862 1348.49 1398.17 0.1967 0.1969
0.1881
701.696409941 1398.71 1400.02 0.1997 0.1967
703.305213928 1388.59 1403.14 0.2001 0.2
704.91494298 1388.06 1388.53 0.2004 0.2003
706.508151054 1389.72 1388.83 0.1998 0.2007
708.10778594 1389.39 1383.46 0.2007 0.2007
709.67472887 1376.79 1386.45 0.1999 0.2005
711.274325848 1386.43 1383.91 0.201 0.201
712.844940901 1378.64 1384.57 0.2009 0.202
714.414852858 1399.62 1383.06 0.2025 0.202
716.016365051 1389.67 1398.16 0.2003 0.2021
0.1916
717.748061895 1395.29 1403.31 0.2012 0.2019
719.352232933 1401.35 1401.27 0.2016 0.2019
720.936655998 1404.38 1399.73 0.2015 0.2023
722.521403074 1401.74 1397.89 0.2019 0.2017
724.121713877 1393.86 1405.62 0.2021 0.2018
725.733265877 1390.34 1393.41 0.2026 0.2022
727.292917967 1374.54 1391.43 0.2032 0.2031
728.880367041 1375.09 1370.02 0.2026 0.2023
730.465577841 1376.15 1376.21 0.2019 0.2025
732.048910856 1373.46 1375.08 0.2035 0.2029
0.1914
733.720995903 1378.01 1375.94 0.2021 0.2031
735.311200857 1376.13 1382.7 0.2023 0.2035
736.901068926 1382.44 1381.83 0.2032 0.2031
738.481185913 1380.65 1383.22 0.2037 0.2031
740.10364604 1378.11 1382.83 0.2032 0.2031
741.676776886 1374.19 1383.62 0.2034 0.2033
743.250937939 1370.18 1372.61 0.2029 0.2024
745.124013901 1361.97 1369.56 0.2028 0.2037
746.722255945 1369.23 1359.55 0.2037 0.2027
748.292173862 1372.25 1370.8 0.2037 0.2038
0.1921
749.951395035 1362.66 1371.52 0.2029 0.2038
751.532569885 1373.94 1376.31 0.204 0.2027
753.122679949 1373.39 1368.44 0.204 0.2037
754.716596842 1374.57 1371.74 0.2027 0.2011
756.646643877 1373.74 1374.72 0.2028 0.203
758.28569293 1373.72 1371.76 0.2028 0.2031
759.867897987 1365.18 1365.42 0.2033 0.2026
761.481612921 1365.23 1361.73 0.2032 0.2035
763.076156855 1355.7 1368.89 0.2041 0.2031
764.652889013 1354.43 1359.79 0.2033 0.204
0.1916
766.359957933 1361.68 1358.59 0.2026 0.2037
767.95619297 1363.19 1355.85 0.2042 0.2037
769.536838055 1363.03 1363.67 0.2037 0.204
771.117980957 1360.49 1360.91 0.2039 0.2042
772.727987051 1363.46 1361.74 0.204 0.2044
774.311644077 1359.4 1355.97 0.2047 0.2046
775.935757875 1360.43 1351.2 0.2044 0.2043
777.534759045 1361.44 1359.94 0.2049 0.2041
779.126765013 1357.98 1355.86 0.2046 0.2045
780.709351063 1358.79 1355.28 0.205 0.2042
0.1929
782.392260075 1358.13 1358.32 0.2048 0.2035
783.979395866 1362.07 1366.91 0.2045 0.204
785.565109015 1359.39 1364.25 0.2038 0.204
787.147744894 1373.58 1363.89 0.2041 0.2039
788.747313976 1367.31 1368.35 0.204 0.2038
790.326467037 1376.41 1370.85 0.204 0.2039
791.920951843 1376.21 1373.38 0.2044 0.2034
793.530654907 1376.23 1368.79 0.2044 0.2047
795.139258862 1362.62 1374.5 0.2046 0.2043
796.718729019 1338.55 1362.91 0.2023 0.2044
0.1933
798.421592951 1364.35 1362.17 0.2043 0.2045
800.00790906 1363.15 1366.19 0.2049 0.205
801.602334023 1365.93 1359.77 0.2054 0.2051
803.193022966 1365.78 1364.26 0.2054 0.2053
804.803135872 1356.33 1359.11 0.2046 0.2046
806.399657965 1349.0 1356.43 0.2035 0.2048
807.989753962 1353.33 1354.73 0.2045 0.2051
809.596171856 1357.25 1358.88 0.2049 0.2057
811.196465015 1361.46 1364.32 0.2051 0.2051
812.815645933 1365.69 1369.56 0.2035 0.206
0.1945
814.498726845 1370.86 1365.67 0.2065 0.2063
816.10242486 1368.14 1370.74 0.2046 0.2056
817.667930841 1371.12 1372.14 0.2059 0.2056
819.24991107 1367.71 1372.32 0.2063 0.2057
820.835511923 1366.36 1363.17 0.2065 0.2062
822.424146891 1366.49 1372.68 0.206 0.207
823.993769884 1370.43 1372.02 0.2068 0.2072
825.57367301 1372.6 1371.25 0.2068 0.2068
827.193364859 1373.08 1369.51 0.2066 0.2068
828.791296005 1370.45 1353.93 0.2078 0.2068
0.1969
830.486991882 1370.66 1374.67 0.2087 0.2075
832.091914892 1370.7 1368.69 0.2075 0.2081
833.6685009 1369.91 1375.29 0.2079 0.2074
835.240941048 1368.55 1373.87 0.208 0.2098
836.835468054 1378.62 1372.4 0.209 0.21
838.43283987 1374.41 1374.31 0.2099 0.2093
840.020717859 1374.13 1369.04 0.21 0.2102
841.598665953 1367.73 1369.25 0.21 0.2101
843.189775944 1369.4 1368.55 0.2101 0.21
844.800688028 1373.26 1383.18 0.2097 0.2092
0.1977
846.45438385 1375.01 1368.27 0.2109 0.2094
848.046804905 1372.99 1377.25 0.2104 0.2111
849.626443863 1359.21 1377.22 0.2108 0.2113
851.197214842 1373.93 1374.63 0.2118 0.211
852.76602006 1368.96 1376.64 0.2115 0.2112
854.329320908 1369.39 1366.32 0.2099 0.2114
855.877003908 1366.8 1366.9 0.2105 0.2101
857.468291044 1360.75 1366.68 0.21 0.2096
859.064375877 1360.57 1357.53 0.21 0.2101
860.636929989 1356.93 1359.57 0.2107 0.2098
0.1998
862.273799896 1358.19 1355.69 0.2098 0.2103
863.871600866 1356.6 1337.63 0.2106 0.2092
865.461854935 1348.26 1356.4 0.2098 0.2103
867.028285027 1355.87 1358.41 0.2106 0.2104
868.581032991 1356.28 1349.29 0.2109 0.2102
870.140166044 1359.19 1353.52 0.2109 0.2111
871.689337015 1353.14 1354.83 0.2098 0.2107
873.245104074 1349.83 1355.54 0.2094 0.2114
874.796341896 1356.7 1351.52 0.2107 0.2104
876.388750076 1345.09 1356.64 0.2101 0.2106
0.2012
878.088160992 1353.24 1358.27 0.2106 0.2106
879.674618006 1357.64 1355.79 0.2106 0.21
881.240052938 1347.99 1355.3 0.2111 0.2102
882.808539867 1347.1 1347.14 0.2109 0.2107
884.399163008 1352.31 1345.65 0.2104 0.2111
885.970058918 1346.34 1347.32 0.2102 0.2119
887.572401047 1344.57 1344.81 0.2111 0.2113
889.129377842 1348.92 1341.59 0.2117 0.2109
890.708073854 1348.76 1348.3 0.2117 0.2115
892.236451864 1345.31 1347.5 0.211 0.2116
0.2019
893.920028925 1348.46 1352.67 0.2109 0.2109
895.468333006 1347.09 1353.34 0.2108 0.2113
897.013445854 1352.22 1358.62 0.2116 0.2108
898.550824881 1349.9 1343.28 0.2116 0.2092
900.084265947 1349.16 1352.67 0.2114 0.2119
901.632006884 1351.66 1352.19 0.2114 0.2115
903.180317879 1352.81 1359.05 0.2117 0.2115
904.75022006 1358.15 1348.61 0.2112 0.2112
906.294450045 1343.0 1350.42 0.2103 0.2118
907.866091967 1352.06 1343.53 0.2112 0.2107
0.201
909.489634037 1351.6 1346.9 0.2111 0.21
910.993268967 1356.35 1351.35 0.2108 0.2111
912.544282913 1351.78 1347.63 0.2112 0.21
914.083255053 1351.44 1356.11 0.2115 0.2104
915.631723881 1353.13 1341.73 0.2114 0.2113
917.175612926 1355.34 1353.06 0.2115 0.2113
918.712678909 1353.61 1358.17 0.2098 0.2112
920.245179892 1357.26 1356.11 0.2107 0.2113
921.787168026 1356.73 1354.33 0.2114 0.212
923.344225883 1352.44 1353.04 0.2108 0.2118
0.2016
924.986268997 1352.6 1352.59 0.2119 0.2115
926.544836998 1350.93 1350.13 0.2115 0.2113
928.132403851 1351.32 1349.14 0.2114 0.2118
929.678770065 1350.04 1346.47 0.2112 0.2114
931.228086948 1345.69 1338.89 0.2117 0.2117
932.795955896 1338.06 1339.93 0.211 0.2118
934.369212866 1340.19 1337.07 0.2117 0.2116
935.949620008 1339.37 1338.87 0.2113 0.2118
937.53857398 1333.63 1342.41 0.2126 0.2121
939.114204884 1330.37 1330.68 0.212 0.2128
0.2039
940.779402971 1329.78 1330.14 0.2124 0.2128
942.350996971 1330.46 1326.7 0.2123 0.2125
943.951739073 1322.0 1326.88 0.2117 0.2125
945.535969973 1325.52 1327.33 0.2125 0.2116
947.140259981 1332.92 1332.86 0.2122 0.213
948.725977898 1328.76 1331.07 0.2121 0.2123
950.31109786 1330.46 1328.25 0.212 0.212
951.907172918 1328.47 1326.76 0.2124 0.2118
953.499763966 1319.53 1335.39 0.2113 0.2128
955.0794909 1332.17 1336.74 0.2128 0.212
0.2034
956.763543844 1331.8 1328.33 0.2129 0.2127
958.354296923 1329.63 1326.48 0.2111 0.2126
959.957031012 1327.5 1317.52 0.2124 0.2118
961.524122 1325.24 1325.52 0.213 0.2124
963.110018015 1326.35 1329.14 0.2133 0.2123
964.687566996 1322.43 1325.59 0.213 0.2135
966.258012056 1328.98 1326.91 0.2143 0.2138
967.846991062 1329.48 1321.16 0.214 0.2143
969.420341015 1320.41 1330.22 0.2149 0.2142
971.035075903 1314.95 1319.68 0.2149 0.2148
0.204
972.736615896 1315.53 1314.56 0.2146 0.2149
974.313431978 1306.92 1312.67 0.2143 0.2155
975.936035872 1315.57 1311.46 0.2143 0.2155
977.535354853 1305.45 1311.19 0.2148 0.2148
979.110409021 1310.92 1311.69 0.2144 0.2142
980.672363043 1314.49 1311.0 0.2148 0.2148
982.240006924 1308.08 1313.42 0.2144 0.2144
983.83797884 1314.33 1309.41 0.2137 0.2142
985.411618948 1311.61 1309.06 0.2139 0.2134
986.987504959 1310.47 1312.48 0.2138 0.2137
0.2043
988.643434048 1301.12 1310.81 0.2141 0.2134
990.238102913 1300.57 1301.2 0.214 0.2138
991.821622849 1301.3 1312.34 0.2138 0.2141
993.404746056 1302.81 1315.62 0.2123 0.2142
994.99018693 1316.39 1314.92 0.2139 0.2134
996.587584972 1316.09 1316.0 0.2134 0.213
998.194653988 1314.6 1317.86 0.2131 0.2139
999.780410051 1319.39 1315.84 0.2142 0.2144
1001.36802101 1317.65 1315.6 0.2136 0.2145
1002.96881795 1314.97 1315.53 0.2144 0.2137
0.2041
1004.64076185 1312.82 1312.6 0.2147 0.2137
1006.23325992 1311.26 1313.68 0.215 0.2146
1007.87069702 1309.19 1310.69 0.2148 0.2154
1009.44112086 1305.55 1310.63 0.214 0.2148
1011.04971385 1311.58 1309.8 0.2149 0.2154
1012.64274096 1309.37 1305.56 0.2145 0.2148
1014.181669 1304.72 1306.89 0.2158 0.215
1015.725389 1298.16 1304.68 0.2159 0.2157
1017.33003497 1300.53 1299.14 0.2161 0.2165
1018.91231585 1299.83 1299.74 0.2161 0.216
0.2062
1020.55908585 1306.79 1296.2 0.2153 0.2162
1022.12955785 1295.42 1301.3 0.2159 0.2162
1023.66832399 1296.78 1301.99 0.216 0.216
1025.25893688 1297.24 1297.6 0.217 0.2151
1026.83763003 1296.76 1297.33 0.2164 0.2166
1028.41276288 1293.93 1296.92 0.2159 0.2162
1029.99269986 1295.9 1296.37 0.217 0.217
1031.56712484 1296.29 1294.75 0.2172 0.2166
1033.11499 1296.94 1288.91 0.2168 0.2168
1034.68810296 1290.03 1286.82 0.2169 0.2159
0.2068
1036.34295297 1289.46 1289.94 0.217 0.2168
1037.94401598 1285.9 1295.92 0.2169 0.2165
1039.54879403 1285.56 1290.82 0.2155 0.2177
1041.10377598 1282.57 1288.73 0.2169 0.2178
1042.70082808 1286.77 1288.53 0.2185 0.2178
1044.27485991 1280.72 1286.41 0.2185 0.2186
1045.82329893 1283.39 1275.43 0.2182 0.2192
1047.37897992 1275.65 1276.14 0.2189 0.2176
1049.06789398 1278.79 1275.5 0.2186 0.2181
1050.71999788 1274.8 1274.33 0.2177 0.2185
0.2117
1052.35167885 1272.78 1265.84 0.2186 0.2175
1053.92357588 1269.83 1271.78 0.2187 0.2194
1055.46454692 1273.46 1266.95 0.2181 0.2181
1057.01192093 1267.94 1268.95 0.2176 0.2178
1058.547472 1273.2 1270.17 0.2178 0.2178
1060.11099005 1271.79 1266.94 0.2177 0.2178
1061.66608095 1267.81 1264.22 0.2182 0.2184
1063.22397089 1267.99 1261.51 0.2186 0.2184
1064.80610585 1269.17 1267.56 0.2193 0.219
1066.36391807 1261.88 1269.26 0.2191 0.2192
0.2113
1068.00156903 1267.78 1269.25 0.2195 0.219
1069.55114102 1265.31 1265.73 0.2197 0.2199
1071.08962488 1265.43 1265.52 0.2202 0.2203
1072.63554001 1264.71 1265.87 0.2202 0.2199
1074.21158791 1264.74 1263.56 0.2204 0.2204
1075.76615691 1263.32 1261.52 0.2204 0.2197
1077.34165597 1267.6 1256.67 0.2194 0.2196
1078.86229587 1253.46 1253.45 0.2188 0.2197
1080.42547202 1260.15 1253.63 0.2187 0.2191
1081.95884395 1253.03 1251.29 0.2196 0.2198
0.2125
1083.62405086 1250.91 1251.62 0.2197 0.2197
1085.17366791 1251.86 1247.42 0.2206 0.2206
1086.69360805 1244.72 1248.42 0.2215 0.2207
1088.22138906 1240.91 1243.51 0.2221 0.2215
1089.78110099 1241.07 1241.14 0.2211 0.2218
1091.32601094 1238.62 1238.4 0.2208 0.2205
1092.86996984 1237.16 1235.1 0.2203 0.2204
1094.40505385 1232.36 1234.54 0.2197 0.2204
1095.94777298 1233.52 1229.76 0.2208 0.22
1097.51177406 1234.46 1233.74 0.2206 0.2212
0.2149
1099.14251304 1233.5 1232.53 0.2212 0.221
1100.69316292 1234.75 1234.31 0.2207 0.2209
1102.22892284 1235.79 1232.81 0.2212 0.2209
1103.75095892 1234.58 1236.83 0.2215 0.2213
1105.2810719 1235.39 1233.38 0.2216 0.2218
1106.80814385 1233.03 1232.66 0.2215 0.2214
1108.34531403 1239.02 1232.98 0.2204 0.2214
1109.92980695 1232.79 1230.35 0.2206 0.2206
1111.48754907 1231.58 1220.01 0.2199 0.2199
1113.03133607 1221.12 1221.15 0.22 0.2213
0.2148
1114.72897696 1221.58 1220.13 0.2213 0.2221
1116.27940392 1221.84 1217.64 0.2219 0.2225
1117.83137608 1215.65 1217.23 0.2228 0.2228
1119.36544204 1216.64 1215.12 0.2229 0.2218
1120.90312099 1216.58 1214.26 0.2221 0.2222
1122.47900605 1216.31 1215.32 0.2224 0.2226
1124.02286696 1214.0 1215.9 0.2225 0.2225
1125.602036 1214.28 1218.18 0.2229 0.2222
1127.174999 1211.69 1211.33 0.2227 0.2226
1128.72327185 1211.55 1213.15 0.2217 0.2233
0.2151
1130.351161 1213.74 1212.83 0.2233 0.2235
1131.89726686 1211.79 1209.96 0.2229 0.2217
1133.45168185 1212.9 1207.65 0.2229 0.2216
1135.01657605 1211.04 1207.74 0.2238 0.2238
1136.59834886 1207.98 1203.97 0.224 0.2245
1138.13522387 1199.96 1203.96 0.2232 0.2235
1139.66890192 1205.8 1204.89 0.2242 0.2237
1141.2400279 1199.18 1207.83 0.2217 0.2236
1142.825454 1207.48 1204.04 0.2238 0.223
1144.37762284 1207.88 1206.67 0.2234 0.2229
0.2155
1146.05474186 1214.32 1202.41 0.2224 0.2231
1147.61490297 1206.04 1199.29 0.2228 0.223
1149.18316197 1199.99 1198.39 0.2229 0.223
1150.74314094 1193.21 1194.91 0.2217 0.2214
1152.30618191 1193.26 1194.13 0.2213 0.2219
1153.87287593 1196.11 1193.52 0.222 0.2218
1155.42544389 1195.57 1196.26 0.2219 0.2226
1156.97568202 1196.75 1198.7 0.2222 0.2224
1158.55825186 1198.35 1200.24 0.2221 0.2233
1160.12404299 1200.86 1193.76 0.2232 0.222
0.2149
1161.79177403 1202.33 1199.39 0.223 0.2226
1163.34468102 1200.37 1202.61 0.2243 0.2227
1164.88127685 1199.08 1202.3 0.2236 0.2237
1166.44725895 1201.73 1206.35 0.2237 0.2233
1168.00910306 1201.63 1201.47 0.2244 0.2218
1169.58606505 1200.24 1202.36 0.2248 0.2241
1171.13311601 1200.28 1200.88 0.2248 0.2251
1172.673347 1202.2 1204.7 0.225 0.2244
1174.2525599 1202.65 1203.12 0.2249 0.2251
1175.83324695 1202.99 1204.72 0.2251 0.2257
0.2186
1177.46365404 1205.71 1201.76 0.2255 0.2247
1179.0023129 1207.71 1210.95 0.2252 0.226
1180.56027794 1205.46 1208.32 0.2259 0.2258
1182.19112897 1204.61 1200.23 0.2261 0.2261
1183.94724488 1197.56 1202.96 0.2266 0.226
1185.49850988 1198.11 1200.69 0.2256 0.2251
1187.05402589 1198.21 1203.95 0.2256 0.2255
1188.61183691 1198.18 1193.85 0.2258 0.2257
1190.16535306 1197.57 1199.41 0.2253 0.2259
1191.71240497 1199.54 1198.11 0.2262 0.227
0.2191
1193.33613706 1197.44 1197.2 0.227 0.2264
1194.89149499 1197.3 1197.15 0.228 0.2266
1196.44393396 1196.66 1204.98 0.228 0.2275
1197.99021602 1197.0 1198.49 0.2267 0.2274
1199.51877403 1195.9 1197.01 0.2273 0.2271
1201.05135989 1195.32 1195.88 0.2262 0.2263
1202.58356094 1195.89 1197.23 0.2269 0.2252
1204.12857985 1194.96 1198.56 0.2268 0.2259
1205.64924908 1202.75 1191.28 0.2259 0.2261
1207.18692303 1189.07 1193.26 0.226 0.2265
0.2195
1208.85781789 1192.58 1192.36 0.2273 0.2261
1210.41937685 1189.85 1194.09 0.2271 0.2268
1211.97054696 1188.47 1190.85 0.2271 0.2269
1213.51026797 1189.07 1189.18 0.2275 0.2277
1215.05173206 1189.95 1188.94 0.2279 0.2274
1216.58942604 1192.67 1186.24 0.2256 0.2289
1218.14428592 1183.95 1185.9 0.228 0.2282
1219.63928986 1186.97 1185.08 0.2286 0.2283
1221.18279099 1186.22 1188.23 0.2285 0.2287
1222.70358706 1185.81 1189.17 0.2285 0.2282
0.2219
1224.35048604 1185.33 1183.6 0.2287 0.2276
1225.88617086 1191.06 1182.44 0.2271 0.2277
1227.45634484 1182.1 1182.56 0.2278 0.2282
1228.98528886 1179.91 1178.79 0.2277 0.2282
1230.54264688 1183.43 1175.56 0.2264 0.2281
1232.03842092 1174.11 1174.14 0.2281 0.2285
1233.56046605 1176.17 1171.92 0.2294 0.2282
1235.11536098 1174.76 1174.2 0.2286 0.2282
1236.66623592 1174.24 1175.54 0.229 0.2284
1238.2346909 1174.51 1173.18 0.2289 0.2288
0.2213
1239.85853791 1172.51 1173.81 0.2295 0.2282
1241.38351798 1170.73 1167.97 0.2292 0.2293
1242.94737601 1166.85 1164.91 0.2298 0.2289
1244.48587894 1164.44 1168.51 0.2297 0.2281
1246.03718686 1158.58 1162.43 0.2293 0.2297
1247.59279299 1158.26 1163.8 0.2309 0.23
1249.145787 1157.84 1160.26 0.2303 0.2296
1250.66171503 1154.93 1157.78 0.2305 0.2301
1252.18006992 1155.12 1154.69 0.2307 0.2304
1253.70764589 1157.61 1155.36 0.2307 0.2305
0.223
1255.30693293 1157.87 1154.56 0.2307 0.2303
1256.84875488 1156.93 1165.2 0.2314 0.2299
1258.39530087 1156.41 1160.29 0.2308 0.2302
1259.93431497 1155.29 1156.71 0.2302 0.231
1261.47012997 1156.11 1154.62 0.2304 0.2304
1263.00308204 1155.09 1154.61 0.2302 0.231
1264.55836391 1150.22 1152.83 0.2316 0.2306
1266.09020686 1148.59 1149.1 0.2319 0.2315
1267.59461308 1147.16 1149.28 0.2317 0.2319
1269.13330603 1148.82 1149.63 0.2315 0.2316
0.2245
1270.76721287 1151.43 1146.74 0.2316 0.2316
1272.30999207 1145.32 1146.6 0.2311 0.2317
1273.85194802 1145.61 1147.85 0.2319 0.2323
1275.38114786 1143.43 1145.91 0.2318 0.2305
1276.92444491 1147.2 1141.46 0.23 0.231
1278.46472788 1140.32 1142.4 0.2309 0.2306
1280.00960398 1136.69 1139.76 0.2312 0.2309
1281.56318998 1134.38 1136.02 0.2312 0.2314
1283.10604191 1140.8 1135.77 0.2298 0.2312
1284.64477086 1135.61 1135.98 0.2308 0.2309
0.2238
1286.27270007 1138.99 1137.18 0.2297 0.231
1287.82942891 1137.56 1137.12 0.2312 0.2302
1289.41038895 1136.28 1137.97 0.2306 0.2311
1290.94391108 1146.04 1135.92 0.2299 0.2305
1292.4819479 1133.69 1135.72 0.2313 0.2308
1294.03293991 1134.01 1133.64 0.2314 0.2313
1295.559448 1133.57 1133.72 0.2304 0.2314
1297.11080194 1133.75 1141.39 0.2288 0.2302
1298.66207194 1141.83 1140.53 0.2298 0.2296
1300.20000505 1142.31 1136.4 0.2297 0.2292
0.2248
1301.79556108 1141.38 1144.69 0.2305 0.231
1303.34338784 1139.81 1144.0 0.2314 0.2304
1304.87381291 1139.85 1143.05 0.2314 0.2321
1306.41193104 1143.04 1143.17 0.2315 0.2317
1307.95915699 1142.78 1143.16 0.2315 0.2326
1309.49536204 1145.62 1144.74 0.2318 0.2327
1311.03806591 1144.78 1142.5 0.2322 0.2331
1312.55319095 1141.51 1142.69 0.2322 0.2331
1314.08680987 1146.1 1142.75 0.2305 0.233
1315.67108703 1145.09 1142.55 0.233 0.2333
0.2266
1317.27699399 1141.27 1143.03 0.233 0.2335
1318.81204391 1142.49 1142.66 0.2332 0.2335
1320.33347106 1142.06 1133.33 0.2334 0.2332
1321.94271207 1139.19 1140.6 0.2326 0.233
1323.48961997 1137.87 1138.02 0.233 0.2321
1325.02492094 1127.25 1136.13 0.2321 0.2335
1326.54352999 1136.7 1135.09 0.2338 0.234
1328.07435703 1136.22 1140.11 0.2336 0.233
1329.59373784 1133.72 1135.77 0.2339 0.2355
1331.09848094 1136.17 1136.56 0.2356 0.236
0.2272
1332.761796 1136.77 1138.08 0.2357 0.2356
1334.30186605 1137.6 1132.87 0.2358 0.2368
1335.83935785 1133.0 1133.0 0.237 0.2368
1337.38450289 1129.56 1134.07 0.2363 0.2361
1338.92861199 1131.06 1129.14 0.2365 0.236
1340.46646595 1129.56 1132.68 0.2367 0.2372
1342.02257991 1132.18 1133.85 0.2368 0.2358
1343.56083488 1129.52 1132.24 0.2364 0.2361
1345.10475993 1127.49 1131.16 0.235 0.2356
1346.65919685 1126.37 1129.83 0.2351 0.235
0.2272
1348.32521701 1125.85 1126.65 0.2356 0.2358
1349.88801694 1121.04 1126.89 0.2348 0.2356
1351.43442798 1126.87 1127.12 0.2355 0.2353
1353.00364304 1124.55 1124.98 0.2348 0.2351
1354.53569698 1124.65 1128.11 0.2349 0.2355
1356.10054493 1125.34 1128.51 0.2352 0.2356
1357.65195704 1127.92 1129.95 0.2354 0.2356
1359.22117591 1130.02 1133.08 0.2357 0.2348
1360.77511406 1126.62 1129.06 0.2358 0.2358
1362.29923606 1127.65 1127.82 0.2357 0.2354
0.2271
1363.9141469 1126.69 1125.61 0.2356 0.2357
1365.43110085 1123.56 1126.96 0.2354 0.2352
1366.96842504 1122.75 1126.7 0.2366 0.2361
1368.52237201 1125.77 1123.16 0.2358 0.2365
1370.09091306 1117.85 1123.57 0.2365 0.2366
1371.61372304 1124.25 1122.5 0.2366 0.2374
1373.1466589 1120.44 1127.98 0.2366 0.2366
1374.70210886 1122.93 1125.99 0.2358 0.2364
1376.20111895 1126.7 1125.06 0.2365 0.2364
1377.75752592 1125.12 1124.35 0.2364 0.2367
0.2291
1379.38128805 1123.3 1121.13 0.2363 0.237
1380.91238284 1119.23 1120.65 0.2374 0.2372
1382.4431119 1123.83 1119.53 0.235 0.2377
1383.97454095 1118.45 1118.43 0.2362 0.2378
1385.50349998 1118.26 1119.85 0.2381 0.2382
1387.02266598 1123.52 1118.69 0.237 0.238
1388.58341789 1117.14 1117.83 0.237 0.2372
1390.17291999 1126.23 1118.13 0.2362 0.2368
1391.70366192 1117.42 1116.66 0.2368 0.2369
1393.213063 1112.51 1113.23 0.2364 0.2378
0.2275
1394.84851098 1112.58 1111.8 0.2378 0.2376
1396.38509893 1111.31 1114.89 0.2375 0.2376
1397.92205 1115.1 1113.43 0.238 0.2371
1399.45282006 1121.64 1114.22 0.2378 0.2377
1401.00586486 1115.26 1117.63 0.2367 0.2379
1402.56160688 1113.23 1113.99 0.2382 0.2388
1404.0940659 1113.51 1114.61 0.2388 0.2388
1405.63097596 1114.17 1115.63 0.2388 0.2386
1407.18424201 1114.71 1114.37 0.2396 0.2389
1408.73229885 1114.38 1115.82 0.2386 0.2387
0.2311
1410.39179707 1119.05 1113.97 0.239 0.2399
1411.92494297 1114.11 1114.61 0.2391 0.2398
1413.4695859 1115.12 1114.09 0.2404 0.2394
1415.02639008 1111.68 1113.41 0.2377 0.2394
1416.551296 1116.26 1110.99 0.2404 0.2394
1418.11779189 1114.63 1113.84 0.2401 0.2401
1419.67293096 1113.14 1111.18 0.2401 0.2408
1421.25154996 1112.61 1111.67 0.2403 0.2402
1422.78718305 1110.01 1110.42 0.2404 0.2398
1424.29645491 1114.01 1110.07 0.2402 0.2407
0.2322
1425.91547585 1110.36 1109.49 0.2406 0.2406
1427.46358705 1107.74 1107.07 0.2411 0.2406
1429.01042795 1107.35 1108.24 0.241 0.239
1430.56277704 1108.53 1101.32 0.2405 0.2407
1432.11830902 1096.64 1098.72 0.2408 0.2409
1433.67617607 1099.44 1095.19 0.2409 0.2403
1435.23053098 1099.41 1099.76 0.2407 0.2402
1436.78664494 1098.1 1099.48 0.2402 0.2406
1438.33254004 1100.31 1099.54 0.24 0.2405
1439.90005088 1097.4 1098.73 0.2389 0.2404
0.2337
1441.56554103 1096.58 1097.38 0.2404 0.2405
1443.12967396 1094.27 1099.21 0.24 0.2414
1444.70673203 1098.0 1099.28 0.2413 0.2417
1446.26625586 1099.6 1097.91 0.2415 0.2417
1447.82878804 1097.41 1095.94 0.2426 0.2416
1449.39235997 1102.18 1097.32 0.241 0.243
1450.95828605 1096.77 1094.8 0.2428 0.2424
1452.49303007 1096.95 1096.75 0.2428 0.243
1454.03407192 1091.86 1095.74 0.2429 0.2439
1455.56416893 1095.54 1097.92 0.2438 0.2419
0.2343
1457.18197703 1095.3 1094.85 0.2432 0.2423
1458.71559191 1094.04 1094.68 0.2426 0.2433
1460.259413 1092.24 1092.22 0.242 0.2427
1461.80943108 1094.02 1092.56 0.2433 0.2429
1463.34571385 1094.1 1094.54 0.2429 0.2422
1464.86864901 1094.66 1093.05 0.243 0.243
1466.44515896 1093.52 1093.9 0.2419 0.2426
1467.99078703 1093.22 1093.84 0.2421 0.2428
1469.53812289 1091.81 1093.06 0.2421 0.2433
1471.11457491 1090.69 1094.54 0.2423 0.2418
0.2349
1472.71692491 1090.16 1090.92 0.2412 0.2418
1474.28042698 1086.67 1091.55 0.2415 0.2423
1475.79943585 1092.02 1084.18 0.2421 0.2436
1477.34257793 1085.83 1082.99 0.2437 0.2437
1478.88928294 1081.0 1081.57 0.2428 0.2439
1480.44322801 1068.18 1080.84 0.2416 0.2435
1481.98701692 1077.31 1081.83 0.2428 0.2435
1483.51857901 1078.0 1080.26 0.2429 0.2441
1485.08763504 1077.1 1080.03 0.2441 0.2443
1486.61511803 1079.53 1080.64 0.244 0.2443
0.2374
1488.23242402 1081.02 1079.86 0.2441 0.2442
1489.78308892 1079.56 1078.4 0.2432 0.2451
1491.31648993 1078.25 1076.03 0.2455 0.2447
1492.84694791 1080.93 1079.81 0.2451 0.2443
1494.40451288 1079.93 1080.21 0.2449 0.2448
1495.96268392 1078.26 1082.4 0.2444 0.246
1497.50864697 1083.79 1077.31 0.245 0.246
1499.03060603 1078.99 1075.37 0.2465 0.2438
1500.59705496 1079.13 1078.92 0.246 0.2455
1502.14800286 1089.53 1078.79 0.2466 0.2461
0.2359
1503.76293397 1089.83 1091.34 0.246 0.2458
1505.25552797 1088.94 1090.57 0.2454 0.2459
1506.80191994 1084.54 1090.84 0.2464 0.2456
1508.35010386 1084.35 1087.02 0.246 0.2459
1509.9184289 1083.39 1085.05 0.2467 0.2459
1511.48276496 1086.07 1087.05 0.247 0.2475
1513.05340195 1088.53 1086.8 0.2461 0.2473
1514.57186604 1088.89 1086.42 0.2483 0.2474
1516.10494184 1087.85 1090.35 0.2482 0.2476
1517.65338993 1088.68 1085.48 0.2473 0.2478
0.2367
1519.30264902 1085.88 1085.83 0.2459 0.2471
1520.86134887 1085.81 1081.3 0.2476 0.2472
1522.41182184 1084.98 1089.47 0.2479 0.2471
1523.92500186 1083.47 1084.55 0.2466 0.2474
1525.47170901 1083.55 1084.75 0.2472 0.2473
1527.01710987 1080.92 1082.16 0.2471 0.2461
1528.583987 1077.01 1081.69 0.246 0.247
1530.12927604 1081.48 1076.85 0.2462 0.2448
1531.65836501 1080.54 1079.47 0.2465 0.2455
1533.20577502 1079.69 1081.0 0.2474 0.2465
0.2362
1534.88030696 1081.25 1079.63 0.2478 0.2471
1536.43936801 1080.68 1084.15 0.2469 0.2483
1538.00271201 1084.32 1087.16 0.2484 0.2474
1539.53596902 1079.48 1085.04 0.2467 0.2483
1541.08226705 1081.05 1086.05 0.2467 0.2482
1542.63296604 1087.11 1086.88 0.2473 0.2477
1544.15013003 1087.16 1086.55 0.2467 0.2477
1545.6956079 1087.19 1085.47 0.2477 0.2467
1547.23596406 1082.83 1088.74 0.2475 0.2475
1548.80405807 1088.31 1086.06 0.2474 0.2481
0.2354
1550.43156886 1084.95 1087.89 0.2475 0.247
1551.98044991 1084.35 1089.69 0.247 0.2488
1553.51943302 1092.18 1089.36 0.2484 0.2483
1555.03756404 1092.49 1090.34 0.2485 0.2482
1556.60505486 1093.48 1090.8 0.2473 0.2491
1558.17311287 1090.74 1089.4 0.2486 0.25
1559.73418689 1089.17 1088.73 0.25 0.2498
1561.29518604 1089.62 1087.09 0.2489 0.25
1562.87058496 1087.13 1088.6 0.25 0.251
1564.43432188 1090.47 1087.46 0.2502 0.2497
0.2374
1566.11208606 1091.21 1091.3 0.25 0.2501
1567.65546584 1091.08 1090.07 0.25 0.2502
1569.21923399 1089.05 1088.06 0.2502 0.2507
1570.71325493 1084.62 1089.75 0.2507 0.25
1572.24930906 1084.28 1083.19 0.2504 0.2502
1573.79211187 1080.99 1081.79 0.2501 0.2504
1575.33656001 1081.82 1081.44 0.2501 0.2503
1576.88420105 1083.22 1079.54 0.2505 0.2502
1578.43570685 1084.12 1079.64 0.2506 0.2495
