----------------------------------------------------------------------------
Open MPI has detected that a parameter given to a command line
option does not match the expected format:

  Option: np
  Param:  --allow-run-as-root

This is frequently caused by omitting to provide the parameter
to an option that requires one. Please check the command line and try again.
----------------------------------------------------------------------------
--------------------------------------------------------------------------
[[22749,1],21]: A high-performance Open MPI point-to-point messaging module
was unable to find any relevant network interfaces:

Module: OpenFabrics (openib)
  Host: instance-2

Another transport will be used instead, although this may result in
lower performance.
--------------------------------------------------------------------------
getting data
getting data
getting data
getting data
getting data
getting data
getting data
getting data
getting data
getting data
getting data
getting data
getting data
getting data
getting data
getting data
getting data
getting data
getting data
getting data
getting data
getting data
getting data
getting data
getting data
getting data
getting data
getting data
getting data
getting data
[instance-2:03995] 29 more processes have sent help message help-mpi-btl-base.txt / btl:no-nics
[instance-2:03995] Set MCA parameter "orte_base_help_aggregate" to 0 to see all help / error messages
('Extracting', 'cifar-10-python.tar.gz')
('Extracting', 'cifar-10-python.tar.gz')
('Extracting', 'cifar-10-python.tar.gz')
('Extracting', 'cifar-10-python.tar.gz')
('Extracting', 'cifar-10-python.tar.gz')
('Extracting', 'cifar-10-python.tar.gz')
('Extracting', 'cifar-10-python.tar.gz')
('Extracting', 'cifar-10-python.tar.gz')
('Extracting', 'cifar-10-python.tar.gz')
('Extracting', 'cifar-10-python.tar.gz')
('Extracting', 'cifar-10-python.tar.gz')
('Extracting', 'cifar-10-python.tar.gz')
('Extracting', 'cifar-10-python.tar.gz')
('Extracting', 'cifar-10-python.tar.gz')
('Extracting', 'cifar-10-python.tar.gz')
('Extracting', 'cifar-10-python.tar.gz')
('Extracting', 'cifar-10-python.tar.gz')
('Extracting', 'cifar-10-python.tar.gz')
('Extracting', 'cifar-10-python.tar.gz')
('Extracting', 'cifar-10-python.tar.gz')
('Extracting', 'cifar-10-python.tar.gz')
('Extracting', 'cifar-10-python.tar.gz')
('Extracting', 'cifar-10-python.tar.gz')
('Extracting', 'cifar-10-python.tar.gz')
('Extracting', 'cifar-10-python.tar.gz')
('Extracting', 'cifar-10-python.tar.gz')
('Extracting', 'cifar-10-python.tar.gz')
('Extracting', 'cifar-10-python.tar.gz')
('Extracting', 'cifar-10-python.tar.gz')
Successfully downloaded cifar-10-python.tar.gz 170498071 bytes.
('Extracting', 'cifar-10-python.tar.gz')
/home/wumingsheng0118/summer-research-2016/lbfgs/lbfgs_optimizer.py:68: FutureWarning: comparison to `None` will result in an elementwise object comparison in the future.
  if var==None:
/home/wumingsheng0118/summer-research-2016/lbfgs/lbfgs_optimizer.py:167: FutureWarning: comparison to `None` will result in an elementwise object comparison in the future.
  if self.old_grad==None:
Batch 0 Iter 0 Cost, Step: (0, 0) Time 19.5080900192
Batch 0 Iter 1 Cost, Step: (0, 0) Time 9.26239991188
Batch 0 Iter 2 Cost, Step: (0, 0) Time 9.41795706749
1.00000001784
LS 2.30224355062 0.1
Batch 0 Iter 3 Cost, Step: (2.3022435506184897, 0.1) Time 14.1148691177
0.99999996917
LS 2.35478566488 1.0
LS 2.33686854045 0.5
LS 2.30431467692 0.25
LS 2.30185572306 0.125
Batch 0 Iter 4 Cost, Step: (2.3018557230631509, 0.125) Time 21.4049069881
1.00000007081
LS 2.35481694539 1.25
LS 2.35288798014 0.625
LS 2.32471923828 0.3125
LS 2.3055305481 0.15625
LS 2.30229975382 0.078125
LS 2.30186691284 0.0390625
LS 2.30182062785 0.01953125
Batch 0 Iter 5 Cost, Step: (2.3018206278483073, 0.01953125) Time 28.8108119965
0.999999984816
LS 2.30604832967 0.1953125
LS 2.30219039917 0.09765625
LS 2.30177205404 0.048828125
Batch 0 Iter 6 Cost, Step: (2.3017720540364581, 0.048828125) Time 19.188888073
1.00000000323
LS 2.32082773844 0.48828125
LS 2.31058273315 0.244140625
LS 2.30342432658 0.1220703125
LS 2.30202229818 0.06103515625
LS 2.30174509684 0.030517578125
Batch 0 Iter 7 Cost, Step: (2.3017450968424478, 0.030517578125) Time 23.9079880714
0.99999990384
LS 2.31321996053 0.30517578125
LS 2.30145975749 0.152587890625
Batch 0 Iter 8 Cost, Step: (2.3014597574869793, 0.152587890625) Time 16.5267319679
1.00000005972
LS 2.32679316203 1.52587890625
LS 2.30604909261 0.762939453125
LS 2.3019821167 0.381469726562
LS 2.29996287028 0.190734863281
Batch 0 Iter 9 Cost, Step: (2.2999628702799479, 0.19073486328125) Time 21.4648759365
183.60751915 73 33 11 0.098 0.106 (2.2999628702799479, 0.19073486328125) 2.30273
0.999999970052
LS 2.35646209717 1.90734863281
LS 2.34715321859 0.953674316406
LS 2.29795455933 0.476837158203
Batch 0 Iter 10 Cost, Step: (2.2979545593261719, 0.476837158203125) Time 18.927093029
1.00000003358
LS 2.31966883341 4.76837158203
LS 2.3044825236 2.38418579102
LS 2.30255864461 1.19209289551
LS 2.2932723999 0.596046447754
Batch 0 Iter 11 Cost, Step: (2.2932723999023437, 0.5960464477539062) Time 21.3638060093
0.999999988973
LS 2.36414388021 5.96046447754
LS 2.34915211995 2.98023223877
LS 2.30637817383 1.49011611938
LS 2.30149993896 0.745058059692
LS 2.29359893799 0.372529029846
LS 2.29016418457 0.186264514923
Batch 0 Iter 12 Cost, Step: (2.2901641845703127, 0.1862645149230957) Time 26.3260610104
0.999999963853
LS 2.31262588501 1.86264514923
LS 2.31078186035 0.931322574615
LS 2.29926783244 0.465661287308
LS 2.28581797282 0.232830643654
Batch 0 Iter 13 Cost, Step: (2.2858179728190104, 0.23283064365386963) Time 21.375453949
1.00000001426
LS 2.36635386149 2.32830643654
LS 2.31177927653 1.16415321827
LS 2.28062235514 0.582076609135
Batch 0 Iter 14 Cost, Step: (2.2806223551432292, 0.5820766091346741) Time 18.9262771606
0.999999910015
LS 2.35427347819 5.82076609135
LS 2.34503809611 2.91038304567
LS 2.30759302775 1.45519152284
LS 2.27671610514 0.727595761418
Batch 0 Iter 15 Cost, Step: (2.2767161051432292, 0.7275957614183426) Time 21.5599999428
1.00000011241
LS 2.36160176595 7.27595761418
LS 2.3431254069 3.63797880709
LS 2.31390431722 1.81898940355
LS 2.2826789856 0.909494701773
LS 2.26493937174 0.454747350886
Batch 0 Iter 16 Cost, Step: (2.2649393717447919, 0.4547473508864641) Time 23.8053610325
0.999999894958
LS 2.33784713745 4.54747350886
LS 2.33292948405 2.27373675443
LS 2.31613667806 1.13686837722
LS 2.29985071818 0.568434188608
LS 2.28203328451 0.284217094304
LS 2.26199289958 0.142108547152
Batch 0 Iter 17 Cost, Step: (2.261992899576823, 0.14210854715202004) Time 26.4502809048
1.00000006103
LS 2.35678100586 1.42108547152
LS 2.35352579753 0.71054273576
LS 2.32645975749 0.35527136788
LS 2.29760233561 0.17763568394
LS 2.2758333842 0.08881784197
LS 2.26489562988 0.044408920985
LS 2.26114857992 0.0222044604925
Batch 0 Iter 18 Cost, Step: (2.2611485799153646, 0.02220446049250313) Time 28.8852319717
0.999999970557
LS 2.25254033407 0.222044604925
Batch 0 Iter 19 Cost, Step: (2.2525403340657553, 0.2220446049250313) Time 14.1441569328
405.371241093 173 86 21 0.196 0.203 (2.2525403340657553, 0.2220446049250313) 2.24221
0.99999995789
LS 2.30625940959 2.22044604925
LS 2.28658065796 1.11022302463
LS 2.25663146973 0.555111512313
LS 2.24631093343 0.277555756156
Batch 0 Iter 20 Cost, Step: (2.2463109334309896, 0.27755575615628914) Time 21.3735098839
1.00000002447
LS 2.32754796346 2.77555756156
LS 2.30692240397 1.38777878078
LS 2.30827229818 0.693889390391
LS 2.28769963582 0.346944695195
LS 2.25994517008 0.173472347598
LS 2.24286092122 0.0867361737988
Batch 0 Iter 21 Cost, Step: (2.2428609212239583, 0.08673617379884035) Time 26.2539300919
0.999999971298
LS 2.27730611165 0.867361737988
LS 2.26317240397 0.433680868994
LS 2.24555384318 0.216840434497
LS 2.24130325317 0.108420217249
Batch 0 Iter 22 Cost, Step: (2.2413032531738279, 0.10842021724855044) Time 21.4415440559
0.999999930586
LS 2.34430440267 1.08420217249
LS 2.28579762777 0.542101086243
LS 2.2446047465 0.271050543121
LS 2.23682479858 0.135525271561
Batch 0 Iter 23 Cost, Step: (2.2368247985839842, 0.13552527156068805) Time 21.3335540295
0.999999994825
LS 2.35518773397 1.35525271561
LS 2.30408070882 0.677626357803
LS 2.25285491943 0.338813178902
LS 2.22661310832 0.169406589451
Batch 0 Iter 24 Cost, Step: (2.2266131083170575, 0.16940658945086007) Time 21.345510006
1.00000000821
LS 2.33279088338 1.69406589451
LS 2.34536183675 0.847032947254
LS 2.2799041748 0.423516473627
LS 2.23903096517 0.211758236814
LS 2.22495625814 0.105879118407
Batch 0 Iter 25 Cost, Step: (2.2249562581380209, 0.10587911840678754) Time 23.723099947
0.999999935715
LS 2.34704310099 1.05879118407
LS 2.31156489054 0.529395592034
LS 2.23753407796 0.264697796017
LS 2.21009114583 0.132348898008
Batch 0 Iter 26 Cost, Step: (2.2100911458333332, 0.13234889800848443) Time 21.4699819088
1.00000006929
LS 2.33698781331 1.32348898008
LS 2.30166905721 0.661744490042
LS 2.26640981038 0.330872245021
LS 2.22776489258 0.165436122511
LS 2.21217753092 0.0827180612553
LS 2.20880177816 0.0413590306277
Batch 0 Iter 27 Cost, Step: (2.208801778157552, 0.04135903062765138) Time 26.2535910606
1.00000003955
LS 2.22899856567 0.413590306277
LS 2.20779927572 0.206795153138
Batch 0 Iter 28 Cost, Step: (2.207799275716146, 0.20679515313825692) Time 16.5732738972
0.999999987528
LS 2.35668690999 2.06795153138
LS 2.35210291545 1.03397576569
LS 2.2890838623 0.516987882846
LS 2.21188964844 0.258493941423
LS 2.20380503337 0.129246970711
Batch 0 Iter 29 Cost, Step: (2.2038050333658856, 0.12924697071141056) Time 23.675483942
628.814719915 273 140 31 0.247 0.233 (2.2038050333658856, 0.12924697071141056) 2.21069
1.00000006114
LS 2.35806020101 1.29246970711
LS 2.35811080933 0.646234853557
LS 2.35750961304 0.323117426779
LS 2.30139719645 0.161558713389
LS 2.21375071208 0.0807793566946
LS 2.19955342611 0.0403896783473
Batch 0 Iter 30 Cost, Step: (2.1995534261067706, 0.0403896783473158) Time 26.1610500813
0.999999848755
LS 2.34010314941 0.403896783473
LS 2.29956003825 0.201948391737
LS 2.24695994059 0.100974195868
LS 2.21174799601 0.0504870979341
LS 2.20074412028 0.0252435489671
LS 2.19896596273 0.0126217744835
Batch 0 Iter 31 Cost, Step: (2.1989659627278644, 0.012621774483536187) Time 26.1806600094
0.999999910483
LS 2.19109522502 0.126217744835
Batch 0 Iter 32 Cost, Step: (2.1910952250162761, 0.12621774483536188) Time 14.1373009682
0.999999961654
LS 2.33575286865 1.26217744835
LS 2.28987833659 0.631088724177
LS 2.23157552083 0.315544362088
LS 2.1956354777 0.157772181044
LS 2.18756561279 0.0788860905221
Batch 0 Iter 33 Cost, Step: (2.1875656127929686, 0.07888609052210117) Time 23.6806240082
1.00000002325
LS 2.34624379476 0.788860905221
LS 2.25422414144 0.394430452611
LS 2.22396621704 0.197215226305
LS 2.20181248983 0.0986076131526
LS 2.18889516195 0.0493038065763
LS 2.18525060018 0.0246519032882
Batch 0 Iter 34 Cost, Step: (2.1852506001790366, 0.024651903288156616) Time 26.1994719505
1.00000007789
LS 2.22648925781 0.246519032882
LS 2.19835306803 0.123259516441
LS 2.18886159261 0.0616297582204
LS 2.18454793294 0.0308148791102
Batch 0 Iter 35 Cost, Step: (2.1845479329427082, 0.03081487911019577) Time 21.3754618168
0.999999934078
LS 2.23024902344 0.308148791102
LS 2.19159291585 0.154074395551
LS 2.18468678792 0.0770371977755
LS 2.1838277181 0.0385185988877
Batch 0 Iter 36 Cost, Step: (2.1838277180989585, 0.03851859888774471) Time 21.3756930828
1.00000004525
LS 2.29927724202 0.385185988877
LS 2.23484420776 0.192592994439
LS 2.19790140788 0.0962964972194
LS 2.18623606364 0.0481482486097
LS 2.18339589437 0.0240741243048
Batch 0 Iter 37 Cost, Step: (2.1833958943684895, 0.024074124304840447) Time 23.7397990227
1.00000005254
LS 2.29470647176 0.240741243048
LS 2.20270131429 0.120370621524
LS 2.180225118 0.0601853107621
Batch 0 Iter 38 Cost, Step: (2.1802251180013021, 0.06018531076210112) Time 18.9200592041
1.00000006377
LS 2.36665039062 0.601853107621
LS 2.35610071818 0.300926553811
LS 2.24947306315 0.150463276905
LS 2.20099894206 0.0752316384526
LS 2.1818862915 0.0376158192263
LS 2.17768452962 0.0188079096132
Batch 0 Iter 39 Cost, Step: (2.1776845296223959, 0.0188079096131566) Time 26.153594017
856.738434076 373 196 41 0.256 0.253 (2.1776845296223959, 0.0188079096131566) 2.18787
0.999999960457
LS 2.21671346029 0.188079096132
LS 2.18449325562 0.0940395480658
LS 2.17593078613 0.0470197740329
Batch 0 Iter 40 Cost, Step: (2.1759307861328123, 0.047019774032891495) Time 19.0371279716
1.00000004066
LS 2.26009953817 0.470197740329
LS 2.21345036825 0.235098870164
LS 2.17997589111 0.117549435082
LS 2.1714940389 0.0587747175411
Batch 0 Iter 41 Cost, Step: (2.1714940388997395, 0.058774717541114366) Time 21.4248590469
1.00000001962
LS 2.32906239827 0.587747175411
LS 2.27161941528 0.293873587706
LS 2.21508026123 0.146936793853
LS 2.18309885661 0.0734683969264
LS 2.17282969157 0.0367341984632
LS 2.17039337158 0.0183670992316
Batch 0 Iter 42 Cost, Step: (2.1703933715820312, 0.01836709923159824) Time 26.216848135
1.00000016464
LS 2.30423075358 0.183670992316
LS 2.23047663371 0.091835496158
LS 2.18338216146 0.045917748079
LS 2.17194722493 0.0229588740395
LS 2.16969095866 0.0114794370197
Batch 0 Iter 43 Cost, Step: (2.1696909586588542, 0.011479437019748899) Time 23.8241701126
1.00000009302
LS 2.18344701131 0.114794370197
LS 2.16192474365 0.0573971850987
Batch 0 Iter 44 Cost, Step: (2.1619247436523437, 0.057397185098744495) Time 16.4995038509
0.99999991122
LS 2.35634307861 0.573971850987
LS 2.3406133016 0.286985925494
LS 2.27127609253 0.143492962747
LS 2.19379475911 0.0717464813734
LS 2.16788202922 0.0358732406867
LS 2.16151072184 0.0179366203434
Batch 0 Iter 45 Cost, Step: (2.1615107218424479, 0.017936620343357655) Time 26.2277259827
1.00000003898
LS 2.23655548096 0.179366203434
LS 2.18000691732 0.0896831017168
LS 2.16025950114 0.0448415508584
Batch 0 Iter 46 Cost, Step: (2.1602595011393229, 0.04484155085839414) Time 18.8988449574
0.999999981075
LS 2.35196838379 0.448415508584
LS 2.2871131897 0.224207754292
LS 2.21494344076 0.112103877146
LS 2.175440979 0.056051938573
LS 2.16171061198 0.0280259692865
LS 2.15923563639 0.0140129846432
Batch 0 Iter 47 Cost, Step: (2.159235636393229, 0.01401298464324817) Time 26.2864289284
0.999999863244
LS 2.22882944743 0.140129846432
LS 2.17284317017 0.0700649232162
LS 2.15666631063 0.0350324616081
Batch 0 Iter 48 Cost, Step: (2.1566663106282551, 0.03503246160812042) Time 18.8501260281
0.999999991902
LS 2.34775797526 0.350324616081
LS 2.31070404053 0.175162308041
LS 2.26927337646 0.0875811540203
LS 2.19872385661 0.0437905770102
LS 2.16586201986 0.0218952885051
LS 2.1571299235 0.0109476442525
LS 2.15575281779 0.00547382212627
Batch 0 Iter 49 Cost, Step: (2.1557528177897134, 0.005473822126268816) Time 29.099722147
1083.10379124 473 251 51 0.303 0.307 (2.1557528177897134, 0.005473822126268816) 2.15275
1.0000000413
LS 2.15291849772 0.0547382212627
Batch 0 Iter 50 Cost, Step: (2.152918497721354, 0.054738221262688166) Time 14.5002970695
0.999999973625
LS 2.36647440592 0.547382212627
LS 2.32678629557 0.273691106313
LS 2.20159861247 0.136845553157
LS 2.15066630046 0.0684227765784
Batch 0 Iter 51 Cost, Step: (2.1506663004557294, 0.06842277657836021) Time 22.0111358166
1.00000012221
LS 2.35105997721 0.684227765784
LS 2.28804423014 0.342113882892
LS 2.22698872884 0.171056941446
LS 2.17238769531 0.085528470723
LS 2.15207621257 0.0427642353615
LS 2.14785461426 0.0213821176807
Batch 0 Iter 52 Cost, Step: (2.1478546142578123, 0.021382117680737566) Time 26.8487591743
0.999999961712
LS 2.19695561727 0.213821176807
LS 2.15255355835 0.106910588404
LS 2.1427947998 0.0534552942018
Batch 0 Iter 53 Cost, Step: (2.1427947998046877, 0.05345529420184392) Time 19.3816359043
0.999999990098
LS 2.28875834147 0.534552942018
LS 2.28591486613 0.267276471009
LS 2.24524180094 0.133638235505
LS 2.18408610026 0.0668191177523
LS 2.14807408651 0.0334095588762
LS 2.14059956868 0.0167047794381
Batch 0 Iter 54 Cost, Step: (2.140599568684896, 0.016704779438076224) Time 26.5414969921
0.999999617938
LS 2.16412836711 0.167047794381
LS 2.14247461955 0.0835238971904
LS 2.13790181478 0.0417619485952
Batch 0 Iter 55 Cost, Step: (2.1379018147786457, 0.04176194859519056) Time 18.853219986
1.00000006843
LS 2.35557683309 0.417619485952
LS 2.32919998169 0.208809742976
LS 2.2318145752 0.104404871488
LS 2.15599873861 0.052202435744
LS 2.13726654053 0.026101217872
Batch 0 Iter 56 Cost, Step: (2.1372665405273437, 0.026101217871994098) Time 23.7551629543
1.00000005168
LS 2.25896046956 0.26101217872
LS 2.19049453735 0.13050608936
LS 2.15333353678 0.06525304468
LS 2.13914896647 0.03262652234
LS 2.13612772624 0.01631326117
Batch 0 Iter 57 Cost, Step: (2.1361277262369791, 0.01631326116999631) Time 23.7110469341
1.00000001612
LS 2.29316558838 0.1631326117
LS 2.20764185588 0.08156630585
LS 2.15120544434 0.040783152925
LS 2.13690719604 0.0203915764625
LS 2.13475036621 0.0101957882312
Batch 0 Iter 58 Cost, Step: (2.1347503662109375, 0.010195788231247695) Time 23.7212731838
0.999999968589
LS 2.17647857666 0.101957882312
LS 2.13999481201 0.0509789411562
LS 2.13256479899 0.0254894705781
Batch 0 Iter 59 Cost, Step: (2.1325647989908854, 0.02548947057811924) Time 18.9114429951
1301.33926225 573 302 61 0.316 0.324 (2.1325647989908854, 0.02548947057811924) 2.13489
0.999999938461
LS 2.31552327474 0.254894705781
LS 2.25955454508 0.127447352891
LS 2.17442270915 0.0637236764453
LS 2.13872756958 0.0318618382226
LS 2.13212471008 0.0159309191113
Batch 0 Iter 60 Cost, Step: (2.1321247100830076, 0.015930919111324524) Time 23.7388279438
1.00000006924
LS 2.16050415039 0.159309191113
LS 2.13550415039 0.0796545955566
LS 2.12957763672 0.0398272977783
Batch 0 Iter 61 Cost, Step: (2.12957763671875, 0.03982729777831131) Time 18.9778499603
1.00000000764
LS 2.25964609782 0.398272977783
LS 2.15808105469 0.199136488892
LS 2.13171424866 0.0995682444458
LS 2.12675476074 0.0497841222229
Batch 0 Iter 62 Cost, Step: (2.1267547607421875, 0.04978412222288914) Time 21.478331089
0.999999965163
LS 2.29034042358 0.497841222229
LS 2.1913269043 0.248920611114
LS 2.13951339722 0.124460305557
LS 2.12792739868 0.0622301527786
LS 2.12609558105 0.0311150763893
Batch 0 Iter 63 Cost, Step: (2.1260955810546873, 0.03111507638930571) Time 23.8167829514
1.00000004017
LS 2.24762649536 0.311150763893
LS 2.15507253011 0.155575381947
LS 2.12574043274 0.0777876909733
Batch 0 Iter 64 Cost, Step: (2.1257404327392577, 0.07778769097326428) Time 19.6930241585
1.00000025004
LS 2.3259648641 0.777876909733
LS 2.18897425334 0.388938454866
LS 2.13497212728 0.194469227433
LS 2.12109362284 0.0972346137166
Batch 0 Iter 65 Cost, Step: (2.1210936228434245, 0.09723461371658035) Time 22.200357914
1.00000005026
LS 2.32147343953 0.972346137166
LS 2.27142333984 0.486173068583
LS 2.1904141744 0.243086534291
LS 2.13827921549 0.121543267146
LS 2.12243003845 0.0607716335729
LS 2.11963615417 0.0303858167864
Batch 0 Iter 66 Cost, Step: (2.1196361541748048, 0.03038581678643136) Time 27.3770480156
1.00000007815
LS 2.25259221395 0.303858167864
LS 2.17365697225 0.151929083932
LS 2.13353932699 0.0759645419661
LS 2.12227961222 0.037982270983
LS 2.1196840922 0.0189911354915
LS 2.11932500203 0.00949556774576
Batch 0 Iter 67 Cost, Step: (2.1193250020345054, 0.009495567745759801) Time 27.3937020302
0.999999993016
LS 2.13462931315 0.0949556774576
LS 2.11835441589 0.0474778387288
Batch 0 Iter 68 Cost, Step: (2.1183544158935548, 0.047477838728799) Time 17.0407350063
1.00000011187
LS 2.26735076904 0.474778387288
LS 2.21915384928 0.237389193644
LS 2.14900156657 0.118694596822
LS 2.11902999878 0.059347298411
LS 2.1148660024 0.0296736492055
Batch 0 Iter 69 Cost, Step: (2.1148660024007162, 0.029673649205499378) Time 24.7384428978
1527.79436421 673 355 71 0.344 0.338 (2.1148660024007162, 0.029673649205499378) 2.11412
0.999999958373
LS 2.18536198934 0.296736492055
LS 2.12918713888 0.148368246027
LS 2.11493975321 0.0741841230137
LS 2.11233774821 0.0370920615069
Batch 0 Iter 70 Cost, Step: (2.1123377482096353, 0.03709206150687422) Time 22.1991248131
0.99999995483
LS 2.34082234701 0.370920615069
LS 2.28424580892 0.185460307534
LS 2.20983250936 0.0927301537672
LS 2.15375823975 0.0463650768836
LS 2.12257029215 0.0231825384418
LS 2.11327946981 0.0115912692209
LS 2.11169115702 0.00579563461045
Batch 0 Iter 71 Cost, Step: (2.1116911570231118, 0.005795634610449097) Time 29.9600441456
0.999999869389
LS 2.10597127279 0.0579563461045
Batch 0 Iter 72 Cost, Step: (2.1059712727864581, 0.05795634610449096) Time 14.6792359352
0.999999920301
LS 2.19492340088 0.579563461045
LS 2.12436765035 0.289781730522
LS 2.10377400716 0.144890865261
Batch 0 Iter 73 Cost, Step: (2.1037740071614581, 0.1448908652612274) Time 19.6350650787
0.999999951653
LS 2.27492980957 1.44890865261
LS 2.24152704875 0.724454326306
LS 2.19318567912 0.362227163153
LS 2.13343353271 0.181113581577
LS 2.10733947754 0.0905567907883
LS 2.10253308614 0.0452783953941
Batch 0 Iter 74 Cost, Step: (2.1025330861409506, 0.045278395394133565) Time 26.8366601467
1.00000013123
LS 2.30153656006 0.452783953941
LS 2.19422810872 0.226391976971
LS 2.13122075399 0.113195988485
LS 2.10823338826 0.0565979942427
LS 2.1028717041 0.0282989971213
LS 2.10207519531 0.0141494985607
Batch 0 Iter 75 Cost, Step: (2.1020751953125001, 0.014149498560666739) Time 26.4119849205
1.00000001562
LS 2.12656911214 0.141494985607
LS 2.10435625712 0.0707474928033
LS 2.10073343913 0.0353737464017
Batch 0 Iter 76 Cost, Step: (2.100733439127604, 0.03537374640166685) Time 19.209182024
0.999999973205
LS 2.17775624593 0.353737464017
LS 2.11953239441 0.176868732008
LS 2.10007960002 0.0884343660042
Batch 0 Iter 77 Cost, Step: (2.1000796000162762, 0.08843436600416713) Time 19.2758669853
0.9999999715
LS 2.36079279582 0.884343660042
LS 2.3533396403 0.442171830021
LS 2.32630488078 0.22108591501
LS 2.25848388672 0.110542957505
LS 2.15315093994 0.0552714787526
LS 2.1101214091 0.0276357393763
LS 2.09992281596 0.0138178696882
Batch 0 Iter 78 Cost, Step: (2.0999228159586587, 0.013817869688151112) Time 29.2599070072
1.00000007897
LS 2.15581944784 0.138178696882
LS 2.11756273905 0.0690893484408
LS 2.10289535522 0.0345446742204
LS 2.09970041911 0.0172723371102
Batch 0 Iter 79 Cost, Step: (2.099700419108073, 0.01727233711018889) Time 21.7641460896
1757.02558136 773 409 81 0.36 0.343 (2.099700419108073, 0.01727233711018889) 2.10943
1.00000014868
LS 2.14020284017 0.172723371102
LS 2.11108296712 0.0863616855509
LS 2.09987945557 0.0431808427755
LS 2.09790878296 0.0215904213877
Batch 0 Iter 80 Cost, Step: (2.0979087829589842, 0.021590421387736113) Time 21.6562709808
0.999999946994
LS 2.09266827901 0.215904213877
Batch 0 Iter 81 Cost, Step: (2.0926682790120443, 0.21590421387736114) Time 14.284055233
0.999999926854
LS 2.30497436523 2.15904213877
LS 2.28280588786 1.07952106939
LS 2.27638346354 0.539760534693
LS 2.23288752238 0.269880267347
LS 2.14319966634 0.134940133673
LS 2.09910634359 0.0674700668367
LS 2.08849372864 0.0337350334183
Batch 0 Iter 82 Cost, Step: (2.0884937286376952, 0.03373503341833768) Time 28.5875210762
1.00000010164
LS 2.36454569499 0.337350334183
LS 2.33092447917 0.168675167092
LS 2.25331268311 0.0843375835458
LS 2.15899175008 0.0421687917729
LS 2.10884602865 0.0210843958865
LS 2.09267934163 0.0105421979432
LS 2.08853975932 0.00527109897162
LS 2.08793169657 0.00263554948581
Batch 0 Iter 83 Cost, Step: (2.0879316965738934, 0.002635549485807631) Time 30.964771986
1.00000004798
LS 2.08644892375 0.0263554948581
Batch 0 Iter 84 Cost, Step: (2.0864489237467447, 0.02635549485807631) Time 14.1709811687
0.999999997606
LS 2.21365509033 0.263554948581
LS 2.15244216919 0.13177747429
LS 2.11464347839 0.0658887371452
LS 2.09303919474 0.0329443685726
LS 2.08560002645 0.0164721842863
Batch 0 Iter 85 Cost, Step: (2.0856000264485677, 0.016472184286297695) Time 23.7319748402
0.999999784562
LS 2.21305923462 0.164721842863
LS 2.1342628479 0.0823609214315
LS 2.09876174927 0.0411804607157
LS 2.0853515625 0.0205902303579
Batch 0 Iter 86 Cost, Step: (2.0853515625000001, 0.02059023035787212) Time 21.2489478588
1.00000012955
LS 2.19651412964 0.205902303579
LS 2.14352213542 0.102951151789
LS 2.10787099202 0.0514755758947
LS 2.09098307292 0.0257377879473
LS 2.08580678304 0.0128688939737
LS 2.08495457967 0.00643444698684
Batch 0 Iter 87 Cost, Step: (2.0849545796712241, 0.006434446986835037) Time 26.1181828976
1.00000005911
LS 2.09368782043 0.0643444698684
LS 2.08530019124 0.0321722349342
LS 2.08384577433 0.0160861174671
Batch 0 Iter 88 Cost, Step: (2.0838457743326821, 0.016086117467087595) Time 18.9123549461
0.999999969638
LS 2.15008494059 0.160861174671
LS 2.10197397868 0.0804305873354
LS 2.08656082153 0.0402152936677
LS 2.08300387065 0.0201076468339
Batch 0 Iter 89 Cost, Step: (2.0830038706461589, 0.020107646833859495) Time 21.2677500248
1977.96839237 873 462 91 0.377 0.349 (2.0830038706461589, 0.020107646833859495) 2.10395
1.0000000573
LS 2.20919825236 0.201076468339
LS 2.13742624919 0.100538234169
LS 2.09743588765 0.0502691170846
LS 2.08295148214 0.0251345585423
Batch 0 Iter 90 Cost, Step: (2.0829514821370441, 0.025134558542324367) Time 21.6789798737
0.999999958377
LS 2.36470184326 0.251345585423
LS 2.3323928833 0.125672792712
LS 2.24803415934 0.0628363963558
LS 2.14536310832 0.0314181981779
LS 2.09990412394 0.015709099089
LS 2.08580830892 0.00785454954448
LS 2.0828540802 0.00392727477224
Batch 0 Iter 91 Cost, Step: (2.0828540802001951, 0.003927274772238183) Time 28.4947021008
1.00000002711
LS 2.11884613037 0.0392727477224
LS 2.09022839864 0.0196363738612
LS 2.08341852824 0.0098181869306
LS 2.08231951396 0.0049090934653
Batch 0 Iter 92 Cost, Step: (2.0823195139567057, 0.004909093465297729) Time 21.5669140816
0.999999992671
LS 2.12316996257 0.049090934653
LS 2.09254341125 0.0245454673265
LS 2.08357785543 0.0122727336632
LS 2.08178482056 0.00613636683162
Batch 0 Iter 93 Cost, Step: (2.0817848205566407, 0.006136366831622161) Time 21.7542378902
0.999999819524
LS 2.15259933472 0.0613636683162
LS 2.09992599487 0.0306818341581
LS 2.08183186849 0.0153409170791
LS 2.07901242574 0.00767045853953
Batch 0 Iter 94 Cost, Step: (2.0790124257405598, 0.007670458539527701) Time 21.7793288231
1.0000000225
LS 2.19996592204 0.0767045853953
LS 2.14298934937 0.0383522926976
LS 2.10524419149 0.0191761463488
LS 2.08486264547 0.00958807317441
LS 2.07938613892 0.0047940365872
LS 2.07846043905 0.0023970182936
Batch 0 Iter 95 Cost, Step: (2.078460439046224, 0.0023970182936024066) Time 26.6231749058
1.0000000284
LS 2.10565872192 0.023970182936
LS 2.0852180481 0.011985091468
LS 2.07946840922 0.00599254573401
LS 2.07832857768 0.002996272867
Batch 0 Iter 96 Cost, Step: (2.078328577677409, 0.0029962728670030084) Time 21.8927948475
1.00000007515
LS 2.12599868774 0.02996272867
LS 2.09242070516 0.014981364335
LS 2.08115463257 0.00749068216751
LS 2.07855224609 0.00374534108375
LS 2.07814890544 0.00187267054188
Batch 0 Iter 97 Cost, Step: (2.0781489054361981, 0.0018726705418768803) Time 23.7534019947
0.999999700677
LS 2.08043721517 0.0187267054188
LS 2.07806739807 0.00936335270938
Batch 0 Iter 98 Cost, Step: (2.0780673980712892, 0.009363352709384402) Time 16.3898220062
0.999999974305
LS 2.24186553955 0.0936335270938
LS 2.15316823324 0.0468167635469
LS 2.1027352651 0.0234083817735
LS 2.08463350932 0.0117041908867
LS 2.07936274211 0.00585209544337
LS 2.07805887858 0.00292604772168
Batch 0 Iter 99 Cost, Step: (2.078058878580729, 0.0029260477216826257) Time 26.0698840618
2207.97163296 973 518 101 0.379 0.355 (2.078058878580729, 0.0029260477216826257) 2.09822
1.00000000314
LS 2.09560724894 0.0292604772168
LS 2.08152898153 0.0146302386084
LS 2.07787119548 0.00731511930421
Batch 0 Iter 100 Cost, Step: (2.0778711954752604, 0.007315119304206565) Time 19.231030941
0.99999992332
LS 2.08795903524 0.0731511930421
LS 2.07802937826 0.036575596521
LS 2.07648722331 0.0182877982605
Batch 0 Iter 101 Cost, Step: (2.0764872233072915, 0.01828779826051641) Time 19.024116993
0.99999990736
LS 2.16715952555 0.182877982605
LS 2.09606602987 0.0914389913026
LS 2.07616526286 0.0457194956513
Batch 0 Iter 102 Cost, Step: (2.0761652628580731, 0.04571949565129103) Time 19.1777570248
1.00000003112
LS 2.35279006958 0.457194956513
LS 2.32757619222 0.228597478256
LS 2.24537963867 0.114298739128
LS 2.13553314209 0.0571493695641
LS 2.08937848409 0.0285746847821
LS 2.07666168213 0.014287342391
LS 2.07497329712 0.00714367119551
Batch 0 Iter 103 Cost, Step: (2.0749732971191408, 0.007143671195514223) Time 28.9818999767
1.00000000583
LS 2.24369176229 0.0714367119551
LS 2.15359903971 0.0357183559776
LS 2.09854558309 0.0178591779888
LS 2.0782585144 0.00892958899439
LS 2.07416241964 0.0044647944972
Batch 0 Iter 104 Cost, Step: (2.0741624196370441, 0.004464794497196389) Time 23.9542899132
1.00000003644
LS 2.1679901123 0.044647944972
LS 2.11449953715 0.022323972486
LS 2.08473358154 0.011161986243
LS 2.07531636556 0.0055809931215
LS 2.07377548218 0.00279049656075
Batch 0 Iter 105 Cost, Step: (2.0737754821777346, 0.0027904965607477433) Time 23.774990797
1.00000005823
LS 2.07403615316 0.0279049656075
LS 2.07012557983 0.0139524828037
Batch 0 Iter 106 Cost, Step: (2.0701255798339844, 0.013952482803738717) Time 16.3779878616
1.00000004599
LS 2.23167266846 0.139524828037
LS 2.15979614258 0.0697624140187
LS 2.1034286499 0.0348812070093
LS 2.07956517537 0.0174406035047
LS 2.07154108683 0.00872030175234
LS 2.06982625326 0.00436015087617
Batch 0 Iter 107 Cost, Step: (2.0698262532552083, 0.004360150876168349) Time 26.1881141663
1.00000005211
LS 2.19310302734 0.0436015087617
LS 2.12495320638 0.0218007543808
LS 2.08843383789 0.0109003771904
LS 2.0743019104 0.00545018859521
LS 2.0703936259 0.00272509429761
LS 2.06966374715 0.0013625471488
Batch 0 Iter 108 Cost, Step: (2.0696637471516928, 0.001362547148802609) Time 26.2134540081
1.00000012385
LS 2.08006947835 0.013625471488
LS 2.07109196981 0.00681273574401
LS 2.06956329346 0.00340636787201
Batch 0 Iter 109 Cost, Step: (2.0695632934570312, 0.003406367872006523) Time 18.9277172089
2429.82299185 1073 571 111 0.389 0.356 (2.0695632934570312, 0.003406367872006523) 2.09597
0.999999802013
LS 2.07548815409 0.0340636787201
LS 2.06994260152 0.01703183936
LS 2.06900087992 0.00851591968002
Batch 0 Iter 110 Cost, Step: (2.0690008799235025, 0.008515919680016307) Time 18.8000869751
1.00000022946
LS 2.11757748922 0.0851591968002
LS 2.07983818054 0.0425795984001
LS 2.0699672699 0.0212897992
LS 2.06813252767 0.0106448996
Batch 0 Iter 111 Cost, Step: (2.0681325276692708, 0.010644899600020383) Time 21.2639758587
1.00000001552
LS 2.16236521403 0.106448996
LS 2.09808858236 0.0532244980001
LS 2.07451604207 0.0266122490001
LS 2.06846682231 0.0133061245
LS 2.06754252116 0.00665306225001
Batch 0 Iter 112 Cost, Step: (2.0675425211588543, 0.006653062250012739) Time 24.3884680271
1.00000015136
LS 2.09150950114 0.0665306225001
LS 2.07107086182 0.0332653112501
LS 2.06662724813 0.016632655625
Batch 0 Iter 113 Cost, Step: (2.0666272481282553, 0.01663265562503185) Time 19.5963301659
1.00000011595
LS 2.14660695394 0.16632655625
LS 2.0881749471 0.0831632781252
LS 2.06941502889 0.0415816390626
LS 2.06591618856 0.0207908195313
Batch 0 Iter 114 Cost, Step: (2.0659161885579427, 0.020790819531289813) Time 22.1966440678
0.999999955948
LS 2.11956278483 0.207908195313
LS 2.08167699178 0.103954097656
LS 2.06753997803 0.0519770488282
LS 2.06427014669 0.0259885244141
Batch 0 Iter 115 Cost, Step: (2.0642701466878255, 0.025988524414112264) Time 22.184445858
1.00000015263
LS 2.14474436442 0.259885244141
LS 2.08998705546 0.129942622071
LS 2.06958173116 0.0649713110353
LS 2.06451034546 0.0324856555176
LS 2.06368548075 0.0162428277588
Batch 0 Iter 116 Cost, Step: (2.0636854807535809, 0.016242827758820164) Time 24.6804010868
0.999999717935
LS 2.13108723958 0.162428277588
LS 2.07735850016 0.0812141387941
LS 2.06406466166 0.0406070693971
LS 2.06215782166 0.0203035346985
Batch 0 Iter 117 Cost, Step: (2.0621578216552736, 0.020303534698525205) Time 22.2049100399
1.0000000666
LS 2.12310218811 0.203035346985
LS 2.0802646637 0.101517673493
LS 2.06506703695 0.0507588367463
LS 2.0616877238 0.0253794183732
Batch 0 Iter 118 Cost, Step: (2.0616877237955729, 0.025379418373156507) Time 22.1437299252
0.999999918348
LS 2.20834503174 0.253794183732
LS 2.10977427165 0.126897091866
LS 2.0705745697 0.0634485459329
LS 2.06072311401 0.0317242729664
Batch 0 Iter 119 Cost, Step: (2.0607231140136717, 0.03172427296644563) Time 22.0725810528
2649.35456491 1173 621 121 0.397 0.375 (2.0607231140136717, 0.03172427296644563) 2.08689
0.999999955677
LS 2.21099243164 0.317242729664
LS 2.12870152791 0.158621364832
LS 2.07848129272 0.0793106824161
LS 2.06362317403 0.0396553412081
LS 2.06032066345 0.019827670604
Batch 0 Iter 120 Cost, Step: (2.0603206634521483, 0.01982767060402852) Time 24.9133501053
1.00000002214
LS 2.20975901286 0.19827670604
LS 2.11488393148 0.0991383530201
LS 2.07270151774 0.0495691765101
LS 2.06106948853 0.024784588255
LS 2.05934066772 0.0123922941275
Batch 0 Iter 121 Cost, Step: (2.0593406677246096, 0.012392294127517824) Time 24.8611121178
1.00000012029
LS 2.30338643392 0.123922941275
LS 2.24783782959 0.0619614706376
LS 2.14602254232 0.0309807353188
LS 2.08506011963 0.0154903676594
LS 2.06408081055 0.0077451838297
LS 2.05960006714 0.00387259191485
LS 2.05888315837 0.00193629595742
Batch 0 Iter 122 Cost, Step: (2.0588831583658855, 0.0019362959574246602) Time 29.8695018291
1.00000017786
LS 2.062926356 0.0193629595742
LS 2.05654424032 0.00968147978712
Batch 0 Iter 123 Cost, Step: (2.056544240315755, 0.0096814797871233) Time 16.9136030674
0.999999835105
LS 2.18181152344 0.0968147978712
LS 2.11516799927 0.0484073989356
LS 2.07481905619 0.0242036994678
LS 2.05974324544 0.0121018497339
LS 2.05629310608 0.00605092486695
Batch 0 Iter 124 Cost, Step: (2.0562931060791017, 0.006050924866952063) Time 24.3346540928
0.999999889592
LS 2.16750793457 0.0605092486695
LS 2.0928545634 0.0302546243348
LS 2.06373202006 0.0151273121674
LS 2.05687522888 0.00756365608369
LS 2.05583559672 0.00378182804185
Batch 0 Iter 125 Cost, Step: (2.0558355967203776, 0.0037818280418450397) Time 24.3900809288
0.999999991082
LS 2.16427154541 0.0378182804185
LS 2.09940312703 0.0189091402092
LS 2.06909624736 0.00945457010461
LS 2.05830052694 0.00472728505231
LS 2.05585441589 0.00236364252615
LS 2.05553817749 0.00118182126308
Batch 0 Iter 126 Cost, Step: (2.0555381774902344, 0.0011818212630765748) Time 26.9043200016
1.00000011779
LS 2.05728276571 0.0118182126308
LS 2.05456542969 0.00590910631538
Batch 0 Iter 127 Cost, Step: (2.0545654296875, 0.005909106315382874) Time 16.7281508446
0.999999818521
LS 2.25226160685 0.0590910631538
LS 2.14761505127 0.0295455315769
LS 2.08152186076 0.0147727657885
LS 2.05968856812 0.00738638289423
LS 2.05469373067 0.00369319144711
LS 2.05402832031 0.00184659572356
Batch 0 Iter 128 Cost, Step: (2.0540283203124998, 0.0018465957235571481) Time 26.7532730103
0.999999977051
LS 2.07223701477 0.0184659572356
LS 2.05901997884 0.00923297861779
LS 2.05475845337 0.00461648930889
LS 2.05386746724 0.00230824465445
Batch 0 Iter 129 Cost, Step: (2.0538674672444661, 0.002308244654446435) Time 21.6508951187
2886.67350602 1273 678 131 0.399 0.366 (2.0538674672444661, 0.002308244654446435) 2.08515
1.00000000202
LS 2.07818934123 0.0230824465445
LS 2.05894393921 0.0115412232722
LS 2.05452855428 0.00577061163612
LS 2.05371284485 0.00288530581806
Batch 0 Iter 130 Cost, Step: (2.0537128448486328, 0.002885305818058044) Time 21.7846450806
1.00000020642
LS 2.073143514 0.0288530581806
LS 2.05669695536 0.0144265290903
LS 2.05339457194 0.00721326454515
Batch 0 Iter 131 Cost, Step: (2.0533945719401041, 0.00721326454514511) Time 19.1929290295
1.00000015372
LS 2.11347452799 0.0721326454515
LS 2.069789505 0.0360663227257
LS 2.05609079997 0.0180331613629
LS 2.05316340129 0.00901658068143
Batch 0 Iter 132 Cost, Step: (2.0531634012858073, 0.009016580681431387) Time 21.7075920105
1.00000013651
LS 2.12246793111 0.0901658068143
LS 2.07534688314 0.0450829034072
LS 2.05666936239 0.0225414517036
LS 2.05263684591 0.0112707258518
Batch 0 Iter 133 Cost, Step: (2.0526368459065756, 0.011270725851789233) Time 21.6197788715
1.00000000889
LS 2.19959411621 0.112707258518
LS 2.12784550985 0.0563536292589
LS 2.08174463908 0.0281768146295
LS 2.05908050537 0.0140884073147
LS 2.05280965169 0.00704420365737
LS 2.05197842916 0.00352210182868
Batch 0 Iter 134 Cost, Step: (2.0519784291585288, 0.0035221018286841353) Time 26.2332251072
0.999999719069
LS 2.08203366597 0.0352210182868
LS 2.05808245341 0.0176105091434
LS 2.05148760478 0.00880525457171
Batch 0 Iter 135 Cost, Step: (2.0514876047770181, 0.008805254571710339) Time 18.8232839108
0.999999869063
LS 2.25769500732 0.0880525457171
LS 2.16927642822 0.0440262728586
LS 2.08965797424 0.0220131364293
LS 2.06030273438 0.0110065682146
LS 2.05226211548 0.00550328410732
LS 2.05095926921 0.00275164205366
Batch 0 Iter 136 Cost, Step: (2.050959269205729, 0.002751642053659481) Time 26.0900979042
1.00000021121
LS 2.08296661377 0.0275164205366
LS 2.05820795695 0.0137582102683
LS 2.05123926799 0.00687910513415
LS 2.05017865499 0.00343955256707
Batch 0 Iter 137 Cost, Step: (2.0501786549886067, 0.0034395525670743513) Time 21.3943388462
0.999999918591
LS 2.1574508667 0.0343955256707
LS 2.083056132 0.0171977628354
LS 2.05781199137 0.00859888141769
LS 2.05143025716 0.00429944070884
LS 2.05017484029 0.00214972035442
Batch 0 Iter 138 Cost, Step: (2.0501748402913411, 0.0021497203544214695) Time 23.7566261292
0.999999987556
LS 2.08403727214 0.0214972035442
LS 2.05681991577 0.0107486017721
LS 2.05006116231 0.00537430088605
Batch 0 Iter 139 Cost, Step: (2.0500611623128253, 0.005374300886053673) Time 18.8038911819
3106.07991409 1373 730 141 0.408 0.367 (2.0500611623128253, 0.005374300886053673) 2.08465
0.999999916793
LS 2.14875106812 0.0537430088605
LS 2.08839009603 0.0268715044303
LS 2.0606203715 0.0134357522151
LS 2.05240122477 0.00671787610757
LS 2.05039113363 0.00335893805378
LS 2.05000279744 0.00167946902689
Batch 0 Iter 140 Cost, Step: (2.0500027974446615, 0.001679469026891773) Time 26.3233258724
0.999999938586
LS 2.05415776571 0.0167946902689
LS 2.05046106974 0.00839734513446
LS 2.0498152415 0.00419867256723
Batch 0 Iter 141 Cost, Step: (2.0498152414957684, 0.004198672567229432) Time 18.8829789162
0.999999986095
LS 2.11267700195 0.0419867256723
LS 2.07648239136 0.0209933628361
LS 2.05627619425 0.0104966814181
LS 2.05040512085 0.00524834070904
LS 2.04944648743 0.00262417035452
Batch 0 Iter 142 Cost, Step: (2.0494464874267577, 0.002624170354518395) Time 23.8536570072
0.999999954356
LS 2.08920491536 0.0262417035452
LS 2.05971412659 0.0131208517726
LS 2.04978078206 0.0065604258863
LS 2.04828542074 0.00328021294315
Batch 0 Iter 143 Cost, Step: (2.0482854207356769, 0.003280212943147994) Time 21.4686670303
1.00000010531
LS 2.14958318075 0.0328021294315
LS 2.08441975911 0.0164010647157
LS 2.0578540802 0.00820053235787
LS 2.05011774699 0.00410026617893
LS 2.04838078817 0.00205013308947
LS 2.04812049866 0.00102506654473
Batch 0 Iter 144 Cost, Step: (2.0481204986572266, 0.0010250665447337482) Time 26.2822060585
1.00000014432
LS 2.05455360413 0.0102506654473
LS 2.04915428162 0.00512533272367
LS 2.04801355998 0.00256266636183
Batch 0 Iter 145 Cost, Step: (2.0480135599772136, 0.0025626663618343705) Time 18.9042870998
1.00000005206
LS 2.12728182475 0.0256266636183
LS 2.07526613871 0.0128133318092
LS 2.05475184123 0.00640666590459
LS 2.04926465352 0.00320333295229
LS 2.04808985392 0.00160166647615
LS 2.04791259766 0.000800833238073
Batch 0 Iter 146 Cost, Step: (2.04791259765625, 0.0008008332380732407) Time 26.0079119205
0.999999921115
LS 2.05450871785 0.00800833238073
LS 2.04929199219 0.00400416619037
LS 2.04806760152 0.00200208309518
LS 2.04785410563 0.00100104154759
Batch 0 Iter 147 Cost, Step: (2.0478541056315103, 0.001001041547591551) Time 21.3496749401
1.00000006691
LS 2.04928690592 0.0100104154759
LS 2.04789873759 0.00500520773796
LS 2.04769795736 0.00250260386898
Batch 0 Iter 148 Cost, Step: (2.0476979573567706, 0.0025026038689788775) Time 18.8205900192
1.00000013805
LS 2.05958048503 0.0250260386898
LS 2.04962234497 0.0125130193449
LS 2.04752286275 0.00625650967245
Batch 0 Iter 149 Cost, Step: (2.0475228627522788, 0.006256509672447194) Time 18.8039908409
3326.7772038 1473 783 151 0.412 0.36 (2.0475228627522788, 0.006256509672447194) 2.08403
1.00000017925
LS 2.06576627096 0.0625650967245
LS 2.05113016764 0.0312825483622
LS 2.04742202759 0.0156412741811
Batch 0 Iter 150 Cost, Step: (2.0474220275878907, 0.015641274181117985) Time 18.8498389721
1.00000016094
LS 2.1432993571 0.156412741811
LS 2.08024190267 0.0782063709056
LS 2.05577100118 0.0391031854528
LS 2.04824612935 0.0195515927264
LS 2.04685312907 0.0097757963632
Batch 0 Iter 151 Cost, Step: (2.0468531290690106, 0.009775796363198742) Time 23.8149461746
0.999999985661
LS 2.09195861816 0.097757963632
LS 2.05832455953 0.048878981816
LS 2.04798838298 0.024439490908
LS 2.04609018962 0.012219745454
Batch 0 Iter 152 Cost, Step: (2.0460901896158856, 0.012219745453998426) Time 21.238476038
1.00000000684
LS 2.14585927327 0.12219745454
LS 2.08178494771 0.06109872727
LS 2.05358022054 0.030549363635
LS 2.04580421448 0.0152746818175
Batch 0 Iter 153 Cost, Step: (2.0458042144775392, 0.015274681817498033) Time 21.3390440941
1.00000020863
LS 2.30275065104 0.152746818175
LS 2.19695129395 0.0763734090875
LS 2.10525563558 0.0381867045437
LS 2.06184234619 0.0190933522719
LS 2.04769757589 0.00954667613594
LS 2.04483528137 0.00477333806797
Batch 0 Iter 154 Cost, Step: (2.0448352813720705, 0.004773338067968135) Time 26.1449329853
1.0000000979
LS 2.19690806071 0.0477333806797
LS 2.09369125366 0.0238666903398
LS 2.05767008464 0.0119333451699
LS 2.04663505554 0.00596667258496
LS 2.04440727234 0.00298333629248
Batch 0 Iter 155 Cost, Step: (2.0444072723388671, 0.002983336292480084) Time 23.699655056
0.99999998249
LS 2.04932645162 0.0298333629248
LS 2.04445241292 0.0149166814624
LS 2.04376665751 0.0074583407312
Batch 0 Iter 156 Cost, Step: (2.0437666575113931, 0.0074583407312002106) Time 18.8329689503
1.00000000888
LS 2.11134401957 0.074583407312
LS 2.06087163289 0.037291703656
LS 2.04453379313 0.018645851828
LS 2.04189885457 0.009322925914
Batch 0 Iter 157 Cost, Step: (2.0418988545735677, 0.009322925914000264) Time 21.3483200073
0.999999825269
LS 2.12286656698 0.09322925914
LS 2.07114537557 0.04661462957
LS 2.04968007406 0.023307314785
LS 2.04292017619 0.0116536573925
LS 2.04159329732 0.00582682869625
Batch 0 Iter 158 Cost, Step: (2.0415932973225912, 0.005826828696250164) Time 23.7419900894
0.999999947014
LS 2.12024752299 0.0582682869625
LS 2.06841278076 0.0291341434813
LS 2.04809697469 0.0145670717406
LS 2.04226519267 0.00728353587031
LS 2.04122161865 0.00364176793516
Batch 0 Iter 159 Cost, Step: (2.0412216186523438, 0.0036417679351563527) Time 23.7966609001
3549.58403707 1573 837 161 0.413 0.375 (2.0412216186523438, 0.0036417679351563527) 2.08122
0.999999887939
LS 2.14373321533 0.0364176793516
LS 2.07792154948 0.0182088396758
LS 2.05013834635 0.00910441983789
LS 2.04256718953 0.00455220991895
LS 2.04105898539 0.00227610495947
Batch 0 Iter 160 Cost, Step: (2.0410589853922527, 0.0022761049594727206) Time 23.6854608059
0.999999797828
LS 2.09491984049 0.0227610495947
LS 2.05722554525 0.0113805247974
LS 2.04435844421 0.00569026239868
LS 2.04138463338 0.00284513119934
LS 2.04088579814 0.00142256559967
Batch 0 Iter 161 Cost, Step: (2.0408857981363933, 0.0014225655996704504) Time 23.6881330013
1.00000009024
LS 2.05171890259 0.0142256559967
LS 2.0429552714 0.00711282799835
LS 2.04089698792 0.00355641399918
LS 2.04063390096 0.00177820699959
Batch 0 Iter 162 Cost, Step: (2.0406339009602865, 0.001778206999588063) Time 21.4135861397
1.00000029603
LS 2.0734664917 0.0177820699959
LS 2.0503877004 0.00889103499794
LS 2.04250132243 0.00444551749897
LS 2.0407342275 0.00222275874949
LS 2.04046999613 0.00111137937474
Batch 0 Iter 163 Cost, Step: (2.0404699961344401, 0.0011113793747425393) Time 23.7391321659
1.00000001807
LS 2.05552838643 0.0111137937474
LS 2.04367828369 0.00555689687371
LS 2.04080263774 0.00277844843686
LS 2.04030418396 0.00138922421843
Batch 0 Iter 164 Cost, Step: (2.0403041839599609, 0.001389224218428174) Time 21.4350779057
0.999999923456
LS 2.06384925842 0.0138922421843
LS 2.04644711812 0.00694612109214
LS 2.04151051839 0.00347306054607
LS 2.04041061401 0.00173653027304
LS 2.04023208618 0.000868265136518
Batch 0 Iter 165 Cost, Step: (2.0402320861816405, 0.0008682651365176089) Time 23.6173100471
1.00000001189
LS 2.04149513245 0.00868265136518
LS 2.04025700887 0.00434132568259
LS 2.04009017944 0.00217066284129
Batch 0 Iter 166 Cost, Step: (2.0400901794433595, 0.002170662841294022) Time 18.8700990677
1.00000017238
LS 2.0537689209 0.0217066284129
LS 2.04333788554 0.0108533142065
LS 2.04048894246 0.00542665710324
LS 2.0399626414 0.00271332855162
Batch 0 Iter 167 Cost, Step: (2.039962641398112, 0.002713328551617528) Time 21.376666069
1.000000152
LS 2.04237823486 0.0271332855162
LS 2.03948618571 0.0135666427581
Batch 0 Iter 168 Cost, Step: (2.0394861857096354, 0.013566642758087638) Time 16.4003739357
0.999999826443
LS 2.14864781698 0.135666427581
LS 2.07426249186 0.0678332137904
LS 2.04765752157 0.0339166068952
LS 2.04017105103 0.0169583034476
LS 2.03897806803 0.0084791517238
Batch 0 Iter 169 Cost, Step: (2.0389780680338543, 0.008479151723804774) Time 23.6819989681
3767.49187517 1673 889 171 0.414 0.37 (2.0389780680338543, 0.008479151723804774) 2.08154
0.999999963592
LS 2.09114151001 0.084791517238
LS 2.05145263672 0.042395758619
LS 2.04045410156 0.0211978793095
LS 2.03834698995 0.0105989396548
Batch 0 Iter 170 Cost, Step: (2.0383469899495443, 0.010598939654755966) Time 21.4402930737
1.00000002729
LS 2.23308995565 0.105989396548
LS 2.1202390035 0.0529946982738
LS 2.06671473185 0.0264973491369
LS 2.04561869303 0.0132486745684
LS 2.03947461446 0.00662433728422
LS 2.0381670634 0.00331216864211
Batch 0 Iter 171 Cost, Step: (2.0381670633951825, 0.0033121686421112395) Time 26.3227331638
1.00000007078
LS 2.10134226481 0.0331216864211
LS 2.06010869344 0.0165608432106
LS 2.04270413717 0.00828042160528
LS 2.03823890686 0.00414021080264
LS 2.0376141866 0.00207010540132
Batch 0 Iter 172 Cost, Step: (2.0376141866048179, 0.0020701054013195245) Time 23.7968678474
1.00000001697
LS 2.07170384725 0.0207010540132
LS 2.04823811849 0.0103505270066
LS 2.04001134237 0.0051752635033
LS 2.03787752787 0.00258763175165
LS 2.03748906453 0.00129381587582
Batch 0 Iter 173 Cost, Step: (2.0374890645345052, 0.001293815875824703) Time 23.6751580238
1.00000001694
LS 2.04207204183 0.0129381587582
LS 2.03800379435 0.00646907937912
LS 2.03725649516 0.00323453968956
Batch 0 Iter 174 Cost, Step: (2.0372564951578775, 0.0032345396895617573) Time 18.9558389187
1.00000016953
LS 2.11524620056 0.0323453968956
LS 2.0685382843 0.0161726984478
LS 2.04650650024 0.0080863492239
LS 2.03902575175 0.00404317461195
LS 2.0372698466 0.00202158730598
LS 2.03703409831 0.00101079365299
Batch 0 Iter 175 Cost, Step: (2.0370340983072919, 0.0010107936529880491) Time 26.186866045
0.9999998182
LS 2.0412495931 0.0101079365299
LS 2.03760019938 0.00505396826494
LS 2.03690745036 0.00252698413247
Batch 0 Iter 176 Cost, Step: (2.0369074503580729, 0.002526984132470123) Time 18.6677880287
0.999999964815
LS 2.10875829061 0.0252698413247
LS 2.06174736023 0.0126349206624
LS 2.04327786764 0.00631746033118
LS 2.03809458415 0.00315873016559
LS 2.03698628743 0.00157936508279
LS 2.03681933085 0.000789682541397
Batch 0 Iter 177 Cost, Step: (2.036819330851237, 0.0007896825413969134) Time 26.3913049698
1.0000000221
LS 2.03888142904 0.00789682541397
LS 2.03693021139 0.00394841270698
LS 2.0366414388 0.00197420635349
Batch 0 Iter 178 Cost, Step: (2.0366414388020835, 0.0019742063534922837) Time 18.9261100292
0.99999967935
LS 2.04515482585 0.0197420635349
LS 2.03815104167 0.00987103176746
LS 2.0366587321 0.00493551588373
LS 2.0364557902 0.00246775794187
Batch 0 Iter 179 Cost, Step: (2.0364557902018228, 0.0024677579418653545) Time 21.322617054
3993.17745233 1773 944 181 0.422 0.374 (2.0364557902018228, 0.0024677579418653545) 2.07914
0.999999931299
LS 2.04429194132 0.0246775794187
LS 2.03722712199 0.0123387897093
LS 2.03599446615 0.00616939485466
Batch 0 Iter 180 Cost, Step: (2.0359944661458331, 0.006169394854663386) Time 18.9246408939
0.999999958305
LS 2.09927393595 0.0616939485466
LS 2.05687357585 0.0308469742733
LS 2.04124755859 0.0154234871367
LS 2.03684883118 0.00771174356833
LS 2.03592796326 0.00385587178416
Batch 0 Iter 181 Cost, Step: (2.0359279632568361, 0.0038558717841646164) Time 23.605022192
0.999999806019
LS 2.05196698507 0.0385587178416
LS 2.03890838623 0.0192793589208
LS 2.03596038818 0.00963967946041
LS 2.03556874593 0.00481983973021
Batch 0 Iter 182 Cost, Step: (2.0355687459309895, 0.00481983973020577) Time 21.4042379856
0.999999808412
LS 2.12775789897 0.0481983973021
LS 2.06633872986 0.024099198651
LS 2.04398269653 0.0120495993255
LS 2.03722724915 0.00602479966276
LS 2.03568496704 0.00301239983138
LS 2.03544947306 0.00150619991569
Batch 0 Iter 183 Cost, Step: (2.0354494730631512, 0.0015061999156893032) Time 26.2932031155
0.999999911732
LS 2.04343070984 0.0150619991569
LS 2.03694051107 0.00753099957845
LS 2.03533439636 0.00376549978922
Batch 0 Iter 184 Cost, Step: (2.0353343963623045, 0.003765499789223258) Time 18.7335350513
0.999999946877
LS 2.13031298319 0.0376549978922
LS 2.06841621399 0.0188274989461
LS 2.0433883667 0.00941374947306
LS 2.03667373657 0.00470687473653
LS 2.03532536825 0.00235343736826
Batch 0 Iter 185 Cost, Step: (2.0353253682454429, 0.0023534373682645364) Time 23.7094230652
0.999999923444
LS 2.05118853251 0.0235343736826
LS 2.03954671224 0.0117671868413
LS 2.03589274089 0.00588359342066
LS 2.03516362508 0.00294179671033
Batch 0 Iter 186 Cost, Step: (2.0351636250813803, 0.0029417967103306706) Time 21.4363329411
1.00000001752
LS 2.07874844869 0.0294179671033
LS 2.04886029561 0.0147089835517
LS 2.03838094076 0.00735449177583
LS 2.03554738363 0.00367724588791
LS 2.03502756755 0.00183862294396
Batch 0 Iter 187 Cost, Step: (2.0350275675455731, 0.0018386229439566692) Time 23.7474279404
1.00000001142
LS 2.05688120524 0.0183862294396
LS 2.04030812581 0.00919311471978
LS 2.03540980021 0.00459655735989
LS 2.03456865946 0.00229827867995
Batch 0 Iter 188 Cost, Step: (2.0345686594645183, 0.0022982786799458366) Time 21.3612627983
0.999999999716
LS 2.09502080282 0.0229827867995
LS 2.05488764445 0.0114913933997
LS 2.03947677612 0.00574569669986
LS 2.03534177144 0.00287284834993
LS 2.03450749715 0.00143642417497
Batch 0 Iter 189 Cost, Step: (2.0345074971516928, 0.0014364241749661479) Time 23.6858608723
4216.07839918 1873 998 191 0.421 0.366 (2.0345074971516928, 0.0014364241749661479) 2.07865
0.999999949676
LS 2.0494392395 0.0143642417497
LS 2.0376247406 0.00718212087483
LS 2.03484751383 0.00359106043742
LS 2.03436965942 0.00179553021871
Batch 0 Iter 190 Cost, Step: (2.0343696594238283, 0.0017955302187076848) Time 21.3133001328
0.999999927206
LS 2.09405034383 0.0179553021871
LS 2.05295511882 0.00897765109354
LS 2.03897082011 0.00448882554677
LS 2.03517481486 0.00224441277338
LS 2.03437614441 0.00112220638669
LS 2.03427391052 0.000561103193346
Batch 0 Iter 191 Cost, Step: (2.0342739105224608, 0.0005611031933461515) Time 26.1628639698
0.999999796196
LS 2.0388381958 0.00561103193346
LS 2.03516642253 0.00280551596673
LS 2.03432019552 0.00140275798337
LS 2.03419596354 0.000701378991683
Batch 0 Iter 192 Cost, Step: (2.0341959635416669, 0.0007013789916826893) Time 21.2852361202
0.99999993588
LS 2.04473673503 0.00701378991683
LS 2.03633524577 0.00350689495841
LS 2.03444506327 0.00175344747921
LS 2.03411432902 0.000876723739603
Batch 0 Iter 193 Cost, Step: (2.0341143290201824, 0.0008767237396033617) Time 21.3668589592
0.999999964414
LS 2.03926239014 0.00876723739603
LS 2.0352083842 0.00438361869802
LS 2.03422775269 0.00219180934901
LS 2.03405558268 0.0010959046745
Batch 0 Iter 194 Cost, Step: (2.0340555826822917, 0.001095904674504202) Time 21.3156490326
1.00000006973
LS 2.03744761149 0.010959046745
LS 2.03464660645 0.00547952337252
LS 2.03404782613 0.00273976168626
Batch 0 Iter 195 Cost, Step: (2.034047826131185, 0.0027397616862605053) Time 18.6957058907
0.999999866524
LS 2.03877283732 0.0273976168626
LS 2.03456865946 0.0136988084313
LS 2.03375829061 0.00684940421565
Batch 0 Iter 196 Cost, Step: (2.0337582906087239, 0.006849404215651263) Time 18.8276929855
1.00000006301
LS 2.05185267131 0.0684940421565
LS 2.03709398905 0.0342470210783
LS 2.03352915446 0.0171235105391
Batch 0 Iter 197 Cost, Step: (2.0335291544596354, 0.017123510539128157) Time 18.8784320354
0.999999847961
LS 2.12664438883 0.171235105391
LS 2.05658035278 0.0856175526956
LS 2.03658866882 0.0428087763478
LS 2.03288803101 0.0214043881739
Batch 0 Iter 198 Cost, Step: (2.0328880310058595, 0.021404388173910195) Time 21.4687290192
0.999999947269
LS 2.30802307129 0.214043881739
LS 2.22972106934 0.10702194087
LS 2.1205397288 0.0535109704348
LS 2.05878181458 0.0267554852174
LS 2.03807957967 0.0133777426087
LS 2.03324101766 0.00668887130435
LS 2.03246815999 0.00334443565217
Batch 0 Iter 199 Cost, Step: (2.0324681599934897, 0.0033444356521734678) Time 29.2608530521
4434.65372038 1973 1050 201 0.429 0.373 (2.0324681599934897, 0.0033444356521734678) 2.07979
0.999999952746
LS 2.04493916829 0.0334443565217
LS 2.03453000387 0.0167221782609
LS 2.03214530945 0.00836108913043
Batch 0 Iter 200 Cost, Step: (2.032145309448242, 0.00836108913043367) Time 18.788779974
1.00000002786
LS 2.10448684692 0.0836108913043
LS 2.05738894145 0.0418054456522
LS 2.03717536926 0.0209027228261
LS 2.03205362956 0.010451361413
Batch 0 Iter 201 Cost, Step: (2.0320536295572915, 0.010451361413042086) Time 21.3410871029
0.999999859192
LS 2.16472676595 0.10451361413
LS 2.0944644928 0.0522568070652
LS 2.0531115214 0.0261284035326
LS 2.03653004964 0.0130642017663
LS 2.03205782572 0.00653210088315
LS 2.03141810099 0.00326605044158
Batch 0 Iter 202 Cost, Step: (2.0314181009928385, 0.003266050441575652) Time 26.1724221706
0.999999961106
LS 2.12770436605 0.0326605044158
LS 2.06935628255 0.0163302522079
LS 2.04224484762 0.00816512610394
LS 2.03349812826 0.00408256305197
LS 2.03144226074 0.00204128152598
LS 2.03115437826 0.00102064076299
Batch 0 Iter 203 Cost, Step: (2.0311543782552084, 0.0010206407629923912) Time 26.5705018044
0.999999963659
LS 2.03695551554 0.0102064076299
LS 2.0314520518 0.00510320381496
LS 2.03050092061 0.00255160190748
Batch 0 Iter 204 Cost, Step: (2.0305009206136067, 0.002551601907480978) Time 19.0441169739
1.00000008499
LS 2.06063537598 0.0255160190748
LS 2.03754196167 0.0127580095374
LS 2.03099123637 0.0063790047687
LS 2.0299126943 0.00318950238435
Batch 0 Iter 205 Cost, Step: (2.0299126942952475, 0.0031895023843512226) Time 21.258947134
0.999999995681
LS 2.07070541382 0.0318950238435
LS 2.04046681722 0.0159475119218
LS 2.03188400269 0.00797375596088
LS 2.03003972371 0.00398687798044
LS 2.02976226807 0.00199343899022
Batch 0 Iter 206 Cost, Step: (2.0297622680664062, 0.001993438990219514) Time 23.7388119698
1.00000003272
LS 2.0496026357 0.0199343899022
LS 2.03405812581 0.0099671949511
LS 2.03025131226 0.00498359747555
LS 2.02957178752 0.00249179873777
Batch 0 Iter 207 Cost, Step: (2.029571787516276, 0.0024917987377743927) Time 21.4414141178
0.99999980844
LS 2.04938379924 0.0249179873777
LS 2.03339233398 0.0124589936889
LS 2.02960128784 0.00622949684444
LS 2.02912623088 0.00311474842222
Batch 0 Iter 208 Cost, Step: (2.0291262308756512, 0.003114748422217991) Time 21.4937369823
1.0000000177
LS 2.03433799744 0.0311474842222
LS 2.02884076436 0.0155737421111
Batch 0 Iter 209 Cost, Step: (2.0288407643636068, 0.015573742111089955) Time 16.3419420719
4650.84548068 2073 1101 211 0.43 0.378 (2.0288407643636068, 0.015573742111089955) 2.0757
1.00000012379
LS 2.21382904053 0.155737421111
LS 2.1178237915 0.0778687105554
LS 2.06126658122 0.0389343552777
LS 2.03731422424 0.0194671776389
LS 2.03003298442 0.00973358881943
LS 2.02853368123 0.00486679440972
Batch 0 Iter 210 Cost, Step: (2.028533681233724, 0.004866794409715611) Time 26.3540170193
0.999999991923
LS 2.14955215454 0.0486679440972
LS 2.08553276062 0.0243339720486
LS 2.0476776123 0.0121669860243
LS 2.03300514221 0.00608349301214
LS 2.02904523214 0.00304174650607
LS 2.02831878662 0.00152087325304
Batch 0 Iter 211 Cost, Step: (2.0283187866210937, 0.0015208732530361284) Time 26.1601819992
1.00000005318
LS 2.03534825643 0.0152087325304
LS 2.02953173319 0.00760436626518
LS 2.02827847799 0.00380218313259
Batch 0 Iter 212 Cost, Step: (2.0282784779866536, 0.003802183132590321) Time 18.8866739273
1.00000022695
LS 2.07655626933 0.0380218313259
LS 2.04243583679 0.019010915663
LS 2.02979303996 0.00950545783148
LS 2.0274983724 0.00475272891574
Batch 0 Iter 213 Cost, Step: (2.0274983723958333, 0.004752728915737901) Time 21.1709461212
0.999999999775
LS 2.16964060465 0.0475272891574
LS 2.09628397624 0.0237636445787
LS 2.04887784322 0.0118818222893
LS 2.03218015035 0.00594091114467
